::1 - - [19/Aug/2022:00:07:49 +0000] "GET /api/v1/books HTTP/1.1" 200 33819 "-" "PostmanRuntime/7.24.0"
::1 - - [19/Aug/2022:00:21:07 +0000] "GET /api/v1/books HTTP/1.1" 200 29981 "-" "PostmanRuntime/7.24.0"
::1 - - [19/Aug/2022:00:43:01 +0000] "GET /api/v1/books HTTP/1.1" 200 31043 "-" "PostmanRuntime/7.24.0"
::1 - - [19/Aug/2022:01:08:52 +0000] "GET /api/v1/books HTTP/1.1" 200 31094 "-" "PostmanRuntime/7.24.0"
::1 - - [19/Aug/2022:01:57:09 +0000] "GET /api/v1/categories/5e90434cd433fa11b078ed8a/books HTTP/1.1" 200 8167 "-" "PostmanRuntime/7.24.0"
::1 - - [19/Aug/2022:01:57:55 +0000] "GET /api/v1/categories/5e90434cd433fa11b078ed8a HTTP/1.1" 200 8502 "-" "PostmanRuntime/7.24.0"
::1 - - [19/Aug/2022:02:00:17 +0000] "GET /api/v1/books HTTP/1.1" 200 31670 "-" "PostmanRuntime/7.24.0"
::1 - - [19/Aug/2022:02:00:44 +0000] "GET /api/v1/books HTTP/1.1" 200 31670 "-" "PostmanRuntime/7.24.0"
::1 - - [19/Aug/2022:02:00:55 +0000] "GET /api/v1/categories/category/5e90434cd433fa11b078ed8a/books HTTP/1.1" 404 196 "-" "PostmanRuntime/7.24.0"
::1 - - [19/Aug/2022:02:01:06 +0000] "GET /api/v1/categories/category HTTP/1.1" 200 1419 "-" "PostmanRuntime/7.24.0"
::1 - - [19/Aug/2022:02:01:23 +0000] "GET /api/v1/categories/5e9047fd49941f52dcb01b35 HTTP/1.1" 200 7428 "-" "PostmanRuntime/7.24.0"
::1 - - [19/Aug/2022:04:19:34 +0000] "GET /api/v1/categories/5e9047fd49941f52dcb01b35 HTTP/1.1" 200 7428 "-" "PostmanRuntime/7.24.0"
::1 - - [19/Aug/2022:09:43:02 +0000] "GET /api/v1/categories/category HTTP/1.1" 200 1419 "-" "PostmanRuntime/7.24.0"
::1 - - [19/Aug/2022:09:44:38 +0000] "GET /api/v1/categories/5e90434cd433fa11b078ed8a HTTP/1.1" 200 8503 "-" "PostmanRuntime/7.24.0"
::1 - - [19/Aug/2022:09:46:30 +0000] "GET /api/v1/categories/category HTTP/1.1" 200 1420 "-" "PostmanRuntime/7.24.0"
::1 - - [19/Aug/2022:09:46:38 +0000] "GET /api/v1/categories/5e90434cd433fa11b078ed8a HTTP/1.1" 200 8504 "-" "PostmanRuntime/7.24.0"
::1 - - [19/Aug/2022:09:46:44 +0000] "GET /api/v1/categories/category HTTP/1.1" 200 1422 "-" "PostmanRuntime/7.24.0"
::1 - - [19/Aug/2022:09:46:51 +0000] "GET /api/v1/categories/5e90434cd433fa11b078ed8a HTTP/1.1" 200 8506 "-" "PostmanRuntime/7.24.0"
::1 - - [19/Aug/2022:11:13:08 +0000] "GET /api/v1/categories/category HTTP/1.1" 200 1424 "-" "PostmanRuntime/7.24.0"
::1 - - [19/Aug/2022:11:13:23 +0000] "DELETE /api/v1/categories/5e90434cd433fa11b078ed8a HTTP/1.1" 200 365 "-" "PostmanRuntime/7.24.0"
::1 - - [19/Aug/2022:11:13:29 +0000] "GET /api/v1/categories/category HTTP/1.1" 200 1082 "-" "PostmanRuntime/7.24.0"
::1 - - [19/Aug/2022:11:13:36 +0000] "GET /api/v1/books HTTP/1.1" 200 23078 "-" "PostmanRuntime/7.24.0"
::1 - - [19/Aug/2022:11:17:56 +0000] "DELETE /api/v1/categories/5e90434cd433fa11b078ed8a HTTP/1.1" 200 359 "-" "PostmanRuntime/7.24.0"
::1 - - [19/Aug/2022:11:18:02 +0000] "GET /api/v1/categories/category HTTP/1.1" 200 1082 "-" "PostmanRuntime/7.24.0"
::1 - - [19/Aug/2022:11:18:56 +0000] "GET /api/v1/books HTTP/1.1" 200 31665 "-" "PostmanRuntime/7.24.0"
::1 - - [19/Aug/2022:12:32:54 +0000] "GET /api/v1/books HTTP/1.1" 200 31665 "-" "PostmanRuntime/7.24.0"
::1 - - [19/Aug/2022:12:33:04 +0000] "GET /api/v1/books/62ff718b0eab8d2a9466b7f0 HTTP/1.1" 500 28 "-" "PostmanRuntime/7.24.0"
::1 - - [19/Aug/2022:12:34:50 +0000] "GET /api/v1/books/62ff718b0eab8d2a9466b7f0 HTTP/1.1" 200 1779 "-" "PostmanRuntime/7.24.0"
::1 - - [19/Aug/2022:12:38:35 +0000] "GET /api/v1/books/ HTTP/1.1" 200 31665 "-" "PostmanRuntime/7.24.0"
- - - [19/Aug/2022:13:09:50 +0000] "POST /api/v1/books/ HTTP/1.1" - - "-" "PostmanRuntime/7.24.0"
- - - [19/Aug/2022:13:12:20 +0000] "POST /api/v1/books/ HTTP/1.1" - - "-" "PostmanRuntime/7.24.0"
::1 - - [19/Aug/2022:13:13:27 +0000] "GET /api/v1/categories/category HTTP/1.1" 200 1418 "-" "PostmanRuntime/7.24.0"
- - - [19/Aug/2022:13:13:52 +0000] "POST /api/v1/books/ HTTP/1.1" - - "-" "PostmanRuntime/7.24.0"
- - - [19/Aug/2022:13:14:50 +0000] "POST /api/v1/books/ HTTP/1.1" - - "-" "PostmanRuntime/7.24.0"
- - - [19/Aug/2022:13:24:10 +0000] "POST /api/v1/books/ HTTP/1.1" - - "-" "PostmanRuntime/7.24.0"
::1 - - [19/Aug/2022:13:24:54 +0000] "GET /api/v1/categories/5e9047fd49941f52dcb01b35 HTTP/1.1" 200 7429 "-" "PostmanRuntime/7.24.0"
- - - [19/Aug/2022:13:44:41 +0000] "POST /api/v1/books/ HTTP/1.1" - - "-" "PostmanRuntime/7.24.0"
- - - [19/Aug/2022:13:44:51 +0000] "POST /api/v1/books/ HTTP/1.1" - - "-" "PostmanRuntime/7.24.0"
- - - [19/Aug/2022:13:55:21 +0000] "POST /api/v1/books/ HTTP/1.1" - - "-" "PostmanRuntime/7.24.0"
- - - [19/Aug/2022:13:55:49 +0000] "POST /api/v1/books/ HTTP/1.1" - - "-" "PostmanRuntime/7.24.0"
- - - [19/Aug/2022:13:56:15 +0000] "POST /api/v1/books/ HTTP/1.1" - - "-" "PostmanRuntime/7.24.0"
- - - [19/Aug/2022:14:13:57 +0000] "POST /api/v1/books/ HTTP/1.1" - - "-" "PostmanRuntime/7.24.0"
- - - [19/Aug/2022:14:22:12 +0000] "POST /api/v1/books/ HTTP/1.1" - - "-" "PostmanRuntime/7.24.0"
::1 - - [19/Aug/2022:14:22:41 +0000] "GET /api/v1/categories/category HTTP/1.1" 200 1420 "-" "PostmanRuntime/7.24.0"
- - - [19/Aug/2022:14:27:39 +0000] "POST /api/v1/books/ HTTP/1.1" - - "-" "PostmanRuntime/7.24.0"
- - - [19/Aug/2022:14:30:15 +0000] "POST /api/v1/books/ HTTP/1.1" - - "-" "PostmanRuntime/7.24.0"
- - - [19/Aug/2022:14:39:16 +0000] "POST /api/v1/books/ HTTP/1.1" - - "-" "PostmanRuntime/7.24.0"
- - - [19/Aug/2022:14:55:47 +0000] "POST /api/v1/books/ HTTP/1.1" - - "-" "PostmanRuntime/7.24.0"
- - - [19/Aug/2022:15:41:09 +0000] "POST /api/v1/books/ HTTP/1.1" - - "-" "PostmanRuntime/7.24.0"
- - - [20/Aug/2022:22:23:00 +0000] "GET /api/v1/books/ HTTP/1.1" - - "-" "PostmanRuntime/7.24.0"
- - - [20/Aug/2022:22:24:10 +0000] "GET /api/v1/books HTTP/1.1" - - "-" "PostmanRuntime/7.24.0"
- - - [20/Aug/2022:22:26:55 +0000] "GET /api/v1/books HTTP/1.1" - - "-" "PostmanRuntime/7.24.0"
::1 - - [21/Aug/2022:14:01:58 +0000] "GET /api/v1/categories/category HTTP/1.1" 200 1420 "-" "PostmanRuntime/7.24.0"
::1 - - [21/Aug/2022:14:02:17 +0000] "GET /api/v1/categories/5e90434cd433fa11b078ed8a HTTP/1.1" 200 8501 "-" "PostmanRuntime/7.24.0"
::1 - - [21/Aug/2022:14:02:56 +0000] "GET /api/v1/categories/category HTTP/1.1" 200 1420 "-" "PostmanRuntime/7.24.0"
- - - [21/Aug/2022:14:03:23 +0000] "GET /api/v1/books HTTP/1.1" - - "-" "PostmanRuntime/7.24.0"
::1 - - [21/Aug/2022:14:03:33 +0000] "GET /api/v1/categories/5e9047fd49941f52dcb01b35 HTTP/1.1" 200 7430 "-" "PostmanRuntime/7.24.0"
- - - [23/Aug/2022:21:12:44 +0000] "GET /api/v1/books/ HTTP/1.1" - - "-" "PostmanRuntime/7.24.0"
- - - [23/Aug/2022:21:14:42 +0000] "GET /api/v1/books/62ff718b0eab8d2a9466b7f0 HTTP/1.1" - - "-" "PostmanRuntime/7.24.0"
- - - [23/Aug/2022:21:15:08 +0000] "GET /api/v1/books/62ff718b0eab8d2a9466b7f0 HTTP/1.1" - - "-" "PostmanRuntime/7.24.0"
::1 - - [23/Aug/2022:21:17:37 +0000] "GET /api/v1/categories/5e9047fd49941f52dcb01b35 HTTP/1.1" 200 7430 "-" "PostmanRuntime/7.24.0"
- - - [23/Aug/2022:21:18:15 +0000] "GET /api/v1/books/62ff718b0eab8d2a9466b7f0 HTTP/1.1" - - "-" "PostmanRuntime/7.24.0"
- - - [23/Aug/2022:21:18:22 +0000] "GET /api/v1/books/ HTTP/1.1" - - "-" "PostmanRuntime/7.24.0"
::1 - - [23/Aug/2022:21:19:25 +0000] "GET /api/v1/books/ HTTP/1.1" 200 31669 "-" "PostmanRuntime/7.24.0"
::1 - - [23/Aug/2022:21:19:49 +0000] "GET /api/v1/books/62ff718b0eab8d2a9466b7f0 HTTP/1.1" 200 1779 "-" "PostmanRuntime/7.24.0"
- - - [24/Aug/2022:07:54:53 +0000] "GET /api/v1/books/ HTTP/1.1" - - "-" "PostmanRuntime/7.24.0"
- - - [24/Aug/2022:07:55:20 +0000] "GET /api/v1/books/ HTTP/1.1" - - "-" "PostmanRuntime/7.24.0"
- - - [24/Aug/2022:07:55:35 +0000] "POST /api/v1/books/ HTTP/1.1" - - "-" "PostmanRuntime/7.24.0"
- - - [24/Aug/2022:07:55:44 +0000] "POST /api/v1/books/ HTTP/1.1" - - "-" "PostmanRuntime/7.24.0"
- - - [24/Aug/2022:07:57:11 +0000] "POST /api/v1/books/ HTTP/1.1" - - "-" "PostmanRuntime/7.24.0"
::1 - - [24/Aug/2022:07:57:30 +0000] "GET /api/v1/categories/5e9047fd49941f52dcb01b35 HTTP/1.1" 200 7430 "-" "PostmanRuntime/7.24.0"
- - - [24/Aug/2022:07:59:55 +0000] "POST /api/v1/books/book/5e9047fd49941f52dcb01b35 HTTP/1.1" - - "-" "PostmanRuntime/7.24.0"
- - - [24/Aug/2022:08:00:43 +0000] "POST /api/v1/books/book/ HTTP/1.1" - - "-" "PostmanRuntime/7.24.0"
::1 - - [24/Aug/2022:08:22:00 +0000] "GET /api/v1/categories/5e9047fd49941f52dcb01b35 HTTP/1.1" 200 7430 "-" "PostmanRuntime/7.24.0"
::1 - - [24/Aug/2022:08:22:05 +0000] "GET /api/v1/books/62ff718b0eab8d2a9466b7f0 HTTP/1.1" 200 1779 "-" "PostmanRuntime/7.24.0"
::1 - - [24/Aug/2022:08:22:11 +0000] "GET /api/v1/books/ HTTP/1.1" 404 152 "-" "PostmanRuntime/7.24.0"
::1 - - [24/Aug/2022:08:22:24 +0000] "GET /api/v1/books/book HTTP/1.1" 200 31669 "-" "PostmanRuntime/7.24.0"
::1 - - [24/Aug/2022:08:22:30 +0000] "GET /api/v1/books/book/62ff718b0eab8d2a9466b7f0 HTTP/1.1" 404 181 "-" "PostmanRuntime/7.24.0"
::1 - - [24/Aug/2022:08:22:38 +0000] "GET /api/v1/books/62ff718b0eab8d2a9466b7f0 HTTP/1.1" 200 1779 "-" "PostmanRuntime/7.24.0"
::1 - - [24/Aug/2022:08:24:33 +0000] "POST /api/v1/books/book/ HTTP/1.1" - - "-" "PostmanRuntime/7.24.0"
::1 - - [24/Aug/2022:08:24:54 +0000] "GET /api/v1/books/5e90478549941f52dcb01b34 HTTP/1.1" 200 26 "-" "PostmanRuntime/7.24.0"
::1 - - [24/Aug/2022:08:25:00 +0000] "GET /api/v1/books/62ff718b0eab8d2a9466b7f0 HTTP/1.1" 200 1779 "-" "PostmanRuntime/7.24.0"
::1 - - [24/Aug/2022:08:25:07 +0000] "GET /api/v1/categories/5e90478549941f52dcb01b34 HTTP/1.1" 200 7754 "-" "PostmanRuntime/7.24.0"
- - - [24/Aug/2022:08:27:30 +0000] "POST /api/v1/books/ HTTP/1.1" - - "-" "PostmanRuntime/7.24.0"
- - - [24/Aug/2022:08:27:35 +0000] "POST /api/v1/books/ HTTP/1.1" - - "-" "PostmanRuntime/7.24.0"
- - - [24/Aug/2022:08:27:45 +0000] "POST /api/v1/books/book HTTP/1.1" - - "-" "PostmanRuntime/7.24.0"
- - - [24/Aug/2022:08:28:15 +0000] "POST /api/v1/books/book HTTP/1.1" - - "-" "PostmanRuntime/7.24.0"
::1 - - [24/Aug/2022:08:31:27 +0000] "GET /api/v1/categories/5e90434cd433fa11b078ed8a HTTP/1.1" 200 8501 "-" "PostmanRuntime/7.24.0"
::1 - - [24/Aug/2022:08:31:46 +0000] "GET /api/v1/categories/category HTTP/1.1" 200 1420 "-" "PostmanRuntime/7.24.0"
::1 - - [24/Aug/2022:08:31:55 +0000] "GET /api/v1/categories/5e90478549941f52dcb01b34 HTTP/1.1" 200 7754 "-" "PostmanRuntime/7.24.0"
::1 - - [25/Aug/2022:08:14:46 +0000] "GET /api/v1/patients/5 HTTP/1.1" 500 125 "-" "PostmanRuntime/7.29.2"
::1 - - [25/Aug/2022:08:14:59 +0000] "GET /api/v1/patients/patient HTTP/1.1" 200 36 "-" "PostmanRuntime/7.29.2"
::1 - - [25/Aug/2022:08:15:06 +0000] "GET /api/v1/patients/ HTTP/1.1" 404 155 "-" "PostmanRuntime/7.29.2"
::1 - - [25/Aug/2022:08:15:14 +0000] "GET /api/v1/patients/patient HTTP/1.1" 200 36 "-" "PostmanRuntime/7.29.2"
::1 - - [25/Aug/2022:13:42:00 +0000] "GET /api/v1/rooms/room HTTP/1.1" 200 95 "-" "PostmanRuntime/7.29.2"
::1 - - [25/Aug/2022:13:42:34 +0000] "GET /api/v1/rooms/22 HTTP/1.1" 500 127 "-" "PostmanRuntime/7.29.2"
::1 - - [25/Aug/2022:13:42:46 +0000] "GET /api/v1/rooms/room/22 HTTP/1.1" 404 159 "-" "PostmanRuntime/7.29.2"
::1 - - [25/Aug/2022:13:42:53 +0000] "GET /api/v1/rooms/22 HTTP/1.1" 500 127 "-" "PostmanRuntime/7.29.2"
::1 - - [25/Aug/2022:13:43:07 +0000] "GET /api/v1/patients/patient HTTP/1.1" 200 36 "-" "PostmanRuntime/7.29.2"
::1 - - [25/Aug/2022:13:43:14 +0000] "GET /api/v1/patients/5 HTTP/1.1" 500 125 "-" "PostmanRuntime/7.29.2"
- - - [25/Aug/2022:13:44:47 +0000] "POST /api/v1/rooms/room HTTP/1.1" 500 586 "-" "PostmanRuntime/7.29.2"
- - - [25/Aug/2022:13:44:53 +0000] "POST /api/v1/rooms/ HTTP/1.1" - - "-" "PostmanRuntime/7.29.2"
- - - [25/Aug/2022:13:46:48 +0000] "POST /api/v1/rooms/room/ HTTP/1.1" 500 586 "-" "PostmanRuntime/7.29.2"
::1 - - [25/Aug/2022:13:49:41 +0000] "POST /api/v1/rooms/room HTTP/1.1" 200 175 "-" "PostmanRuntime/7.29.2"
::1 - - [25/Aug/2022:13:50:05 +0000] "GET /api/v1/rooms/room HTTP/1.1" 200 246 "-" "PostmanRuntime/7.29.2"
::1 - - [25/Aug/2022:13:50:35 +0000] "POST /api/v1/rooms/room HTTP/1.1" 200 175 "-" "PostmanRuntime/7.29.2"
::1 - - [25/Aug/2022:13:50:47 +0000] "GET /api/v1/rooms/room HTTP/1.1" 200 398 "-" "PostmanRuntime/7.29.2"
::1 - - [25/Aug/2022:13:51:33 +0000] "GET /api/v1/rooms/63077e2b5b60d504109adf51 HTTP/1.1" 200 189 "-" "PostmanRuntime/7.29.2"
- - - [25/Aug/2022:13:52:49 +0000] "POST /api/v1/patients/patient HTTP/1.1" - - "-" "PostmanRuntime/7.29.2"
::1 - - [25/Aug/2022:13:54:07 +0000] "POST /api/v1/patients/patient HTTP/1.1" 500 263 "-" "PostmanRuntime/7.29.2"
::1 - - [25/Aug/2022:13:55:27 +0000] "POST /api/v1/patients/patient HTTP/1.1" 500 28 "-" "PostmanRuntime/7.29.2"
::1 - - [25/Aug/2022:13:56:32 +0000] "POST /api/v1/patients/patient HTTP/1.1" 500 711 "-" "PostmanRuntime/7.29.2"
::1 - - [25/Aug/2022:13:56:43 +0000] "GET /api/v1/patients/patient HTTP/1.1" 500 28 "-" "PostmanRuntime/7.29.2"
::1 - - [25/Aug/2022:13:57:42 +0000] "POST /api/v1/patients/patient HTTP/1.1" 500 263 "-" "PostmanRuntime/7.29.2"
::1 - - [25/Aug/2022:13:57:54 +0000] "POST /api/v1/patients/patient HTTP/1.1" 500 28 "-" "PostmanRuntime/7.29.2"
::1 - - [25/Aug/2022:13:58:45 +0000] "POST /api/v1/patients/patient HTTP/1.1" 500 260 "-" "PostmanRuntime/7.29.2"
::1 - - [25/Aug/2022:13:58:56 +0000] "GET /api/v1/patients/patient HTTP/1.1" 500 28 "-" "PostmanRuntime/7.29.2"
::1 - - [25/Aug/2022:14:00:11 +0000] "GET /api/v1/rooms/room HTTP/1.1" 200 398 "-" "PostmanRuntime/7.29.2"
::1 - - [25/Aug/2022:14:00:41 +0000] "GET /api/v1/rooms/63077e2b5b60d504109adf51 HTTP/1.1" 500 28 "-" "PostmanRuntime/7.29.2"
::1 - - [25/Aug/2022:14:00:53 +0000] "GET /api/v1/rooms/room HTTP/1.1" 200 398 "-" "PostmanRuntime/7.29.2"
::1 - - [25/Aug/2022:14:01:31 +0000] "POST /api/v1/patients/patient HTTP/1.1" 500 260 "-" "PostmanRuntime/7.29.2"
::1 - - [25/Aug/2022:14:01:50 +0000] "POST /api/v1/patients/patient HTTP/1.1" 500 28 "-" "PostmanRuntime/7.29.2"
::1 - - [25/Aug/2022:14:03:20 +0000] "GET /api/v1/rooms/63077e2b5b60d504109adf51 HTTP/1.1" 500 28 "-" "PostmanRuntime/7.29.2"
::1 - - [25/Aug/2022:14:03:30 +0000] "GET /api/v1/rooms/ HTTP/1.1" 404 152 "-" "PostmanRuntime/7.29.2"
::1 - - [25/Aug/2022:14:03:51 +0000] "GET /api/v1/rooms/63077df55b60d504109adf4d HTTP/1.1" 500 28 "-" "PostmanRuntime/7.29.2"
::1 - - [25/Aug/2022:14:03:59 +0000] "GET /api/v1/rooms/room/63077df55b60d504109adf4d HTTP/1.1" 404 181 "-" "PostmanRuntime/7.29.2"
::1 - - [25/Aug/2022:14:04:12 +0000] "GET /api/v1/rooms/63077df55b60d504109adf4d HTTP/1.1" 500 28 "-" "PostmanRuntime/7.29.2"
::1 - - [25/Aug/2022:14:05:22 +0000] "GET /api/v1/patients/5 HTTP/1.1" 500 125 "-" "PostmanRuntime/7.29.2"
::1 - - [25/Aug/2022:14:05:30 +0000] "POST /api/v1/patients/patient HTTP/1.1" 500 258 "-" "PostmanRuntime/7.29.2"
::1 - - [25/Aug/2022:14:05:38 +0000] "GET /api/v1/patients/patient HTTP/1.1" 500 28 "-" "PostmanRuntime/7.29.2"
- - - [25/Aug/2022:14:06:01 +0000] "POST /api/v1/patients/patient HTTP/1.1" - - "-" "PostmanRuntime/7.29.2"
- - - [25/Aug/2022:14:06:37 +0000] "POST /api/v1/patients/patient HTTP/1.1" - - "-" "PostmanRuntime/7.29.2"
- - - [25/Aug/2022:14:07:05 +0000] "POST /api/v1/patients/patient HTTP/1.1" - - "-" "PostmanRuntime/7.29.2"
- - - [25/Aug/2022:14:07:11 +0000] "POST /api/v1/patients/patient HTTP/1.1" - - "-" "PostmanRuntime/7.29.2"
::1 - - [25/Aug/2022:14:07:51 +0000] "GET /api/v1/rooms/63077df55b60d504109adf4d HTTP/1.1" 500 28 "-" "PostmanRuntime/7.29.2"
::1 - - [25/Aug/2022:14:07:57 +0000] "GET /api/v1/rooms/room HTTP/1.1" 200 398 "-" "PostmanRuntime/7.29.2"
::1 - - [25/Aug/2022:14:08:08 +0000] "GET /api/v1/rooms/room/63077df55b60d504109adf4d HTTP/1.1" 404 181 "-" "PostmanRuntime/7.29.2"
::1 - - [25/Aug/2022:14:08:13 +0000] "GET /api/v1/rooms/63077df55b60d504109adf4d HTTP/1.1" 500 28 "-" "PostmanRuntime/7.29.2"
::1 - - [25/Aug/2022:14:12:00 +0000] "DELETE /api/v1/rooms/63077df55b60d504109adf4d HTTP/1.1" 200 175 "-" "PostmanRuntime/7.24.0"
::1 - - [25/Aug/2022:14:12:06 +0000] "GET /api/v1/rooms/63077df55b60d504109adf4d HTTP/1.1" 400 44 "-" "PostmanRuntime/7.29.2"
::1 - - [25/Aug/2022:14:12:18 +0000] "GET /api/v1/rooms/ HTTP/1.1" 404 152 "-" "PostmanRuntime/7.29.2"
::1 - - [25/Aug/2022:14:12:25 +0000] "GET /api/v1/rooms/room HTTP/1.1" 200 246 "-" "PostmanRuntime/7.29.2"
::1 - - [25/Aug/2022:14:12:38 +0000] "GET /api/v1/rooms/room HTTP/1.1" 200 246 "-" "PostmanRuntime/7.29.2"
::1 - - [25/Aug/2022:14:12:52 +0000] "GET /api/v1/rooms/63077df55b60d504109adf4d HTTP/1.1" 400 44 "-" "PostmanRuntime/7.29.2"
::1 - - [25/Aug/2022:14:13:01 +0000] "GET /api/v1/rooms/63077e2b5b60d504109adf51 HTTP/1.1" 500 28 "-" "PostmanRuntime/7.29.2"
::1 - - [25/Aug/2022:14:13:28 +0000] "GET /api/v1/rooms/room/63077e2b5b60d504109adf51 HTTP/1.1" 404 181 "-" "PostmanRuntime/7.29.2"
::1 - - [25/Aug/2022:14:13:45 +0000] "GET /api/v1/rooms/63077e2b5b60d504109adf51 HTTP/1.1" 500 28 "-" "PostmanRuntime/7.29.2"
::1 - - [25/Aug/2022:14:13:54 +0000] "GET /api/v1/rooms/room HTTP/1.1" 200 246 "-" "PostmanRuntime/7.29.2"
::1 - - [25/Aug/2022:14:13:57 +0000] "GET /api/v1/rooms/room HTTP/1.1" 200 246 "-" "PostmanRuntime/7.29.2"
::1 - - [25/Aug/2022:14:14:34 +0000] "GET /api/v1/rooms/63077e2b5b60d504109adf51 HTTP/1.1" 500 28 "-" "PostmanRuntime/7.24.0"
::1 - - [25/Aug/2022:14:14:58 +0000] "GET /api/v1/rooms/63077e2b5b60d504109adf51 HTTP/1.1" 500 28 "-" "PostmanRuntime/7.24.0"
::1 - - [25/Aug/2022:14:15:28 +0000] "POST /api/v1/rooms/room HTTP/1.1" 200 175 "-" "PostmanRuntime/7.29.2"
::1 - - [25/Aug/2022:14:15:32 +0000] "GET /api/v1/rooms/room HTTP/1.1" 200 398 "-" "PostmanRuntime/7.29.2"
::1 - - [25/Aug/2022:14:15:43 +0000] "GET /api/v1/rooms/63077e2b5b60d504109adf51 HTTP/1.1" 500 28 "-" "PostmanRuntime/7.24.0"
::1 - - [25/Aug/2022:14:15:49 +0000] "GET /api/v1/rooms/room/63077e2b5b60d504109adf51 HTTP/1.1" 404 181 "-" "PostmanRuntime/7.24.0"
::1 - - [25/Aug/2022:14:15:58 +0000] "GET /api/v1/rooms/63077e2b5b60d504109adf51 HTTP/1.1" 500 28 "-" "PostmanRuntime/7.24.0"
::1 - - [25/Aug/2022:14:17:01 +0000] "POST /api/v1/patients/patient HTTP/1.1" 500 28 "-" "PostmanRuntime/7.29.2"
::1 - - [25/Aug/2022:14:17:58 +0000] "GET /api/v1/rooms/room/63077df55b60d504109adf4d HTTP/1.1" 404 181 "-" "PostmanRuntime/7.29.2"
::1 - - [25/Aug/2022:14:18:03 +0000] "GET /api/v1/rooms/63077df55b60d504109adf4d HTTP/1.1" 400 44 "-" "PostmanRuntime/7.29.2"
::1 - - [25/Aug/2022:14:18:15 +0000] "GET /api/v1/rooms/room HTTP/1.1" 200 398 "-" "PostmanRuntime/7.29.2"
::1 - - [25/Aug/2022:14:18:24 +0000] "GET /api/v1/patients/patient HTTP/1.1" 500 28 "-" "PostmanRuntime/7.29.2"
::1 - - [25/Aug/2022:14:19:36 +0000] "PUT /api/v1/patients/6307845c5193b01ac07d4d14 HTTP/1.1" 404 179 "-" "PostmanRuntime/7.29.2"
::1 - - [25/Aug/2022:14:19:48 +0000] "PUT /api/v1/patients/patient/6307845c5193b01ac07d4d14 HTTP/1.1" 404 187 "-" "PostmanRuntime/7.29.2"
::1 - - [25/Aug/2022:14:20:20 +0000] "PUT /api/v1/patients/6307845c5193b01ac07d4d14 HTTP/1.1" 404 179 "-" "PostmanRuntime/7.29.2"
::1 - - [25/Aug/2022:14:21:48 +0000] "PUT /api/v1/patients/6307845c5193b01ac07d4d14 HTTP/1.1" 404 179 "-" "PostmanRuntime/7.29.2"
::1 - - [25/Aug/2022:14:24:42 +0000] "PUT /api/v1/rooms/630784005193b01ac07d4d0b?RoomNo=3 HTTP/1.1" 200 170 "-" "PostmanRuntime/7.29.2"
::1 - - [25/Aug/2022:14:25:13 +0000] "GET /api/v1/rooms/room HTTP/1.1" 200 393 "-" "PostmanRuntime/7.29.2"
::1 - - [25/Aug/2022:14:25:48 +0000] "PUT /api/v1/rooms/630784005193b01ac07d4d0b?RoomNo=3 HTTP/1.1" 200 170 "-" "PostmanRuntime/7.29.2"
::1 - - [25/Aug/2022:14:25:57 +0000] "GET /api/v1/rooms/room HTTP/1.1" 200 393 "-" "PostmanRuntime/7.29.2"
::1 - - [25/Aug/2022:14:26:28 +0000] "GET /api/v1/rooms/63077e2b5b60d504109adf51 HTTP/1.1" 500 28 "-" "PostmanRuntime/7.24.0"
::1 - - [25/Aug/2022:14:26:35 +0000] "GET /api/v1/rooms/room HTTP/1.1" 200 393 "-" "PostmanRuntime/7.29.2"
::1 - - [26/Aug/2022:04:08:30 +0000] "GET /api/v1/patients/patient HTTP/1.1" 500 28 "-" "PostmanRuntime/7.29.2"
::1 - - [26/Aug/2022:04:08:41 +0000] "GET /api/v1/patients/5 HTTP/1.1" 500 125 "-" "PostmanRuntime/7.29.2"
::1 - - [26/Aug/2022:04:08:54 +0000] "GET /api/v1/rooms/room HTTP/1.1" 200 393 "-" "PostmanRuntime/7.29.2"
::1 - - [26/Aug/2022:04:09:10 +0000] "GET /api/v1/rooms/63077e2b5b60d504109adf51 HTTP/1.1" 500 28 "-" "PostmanRuntime/7.24.0"
::1 - - [26/Aug/2022:04:13:12 +0000] "GET /api/v1/patients/63077f4f5b60d504109adf5c HTTP/1.1" 500 28 "-" "PostmanRuntime/7.29.2"
::1 - - [26/Aug/2022:04:20:02 +0000] "GET /api/v1/patients/63077f4f5b60d504109adf5c HTTP/1.1" 404 44 "-" "PostmanRuntime/7.29.2"
::1 - - [26/Aug/2022:04:20:10 +0000] "GET /api/v1/patients/patient HTTP/1.1" 200 36 "-" "PostmanRuntime/7.29.2"
::1 - - [26/Aug/2022:04:27:44 +0000] "GET /api/v1/patients/patient HTTP/1.1" 200 36 "-" "PostmanRuntime/7.29.2"
::1 - - [26/Aug/2022:04:29:16 +0000] "GET /api/v1/patients/patient HTTP/1.1" 200 36 "-" "PostmanRuntime/7.29.2"
::1 - - [26/Aug/2022:04:29:53 +0000] "GET /api/v1/patients/patient HTTP/1.1" 200 36 "-" "PostmanRuntime/7.29.2"
::1 - - [26/Aug/2022:04:30:24 +0000] "POST /api/v1/patients/patient HTTP/1.1" 400 44 "-" "PostmanRuntime/7.29.2"
::1 - - [26/Aug/2022:04:30:40 +0000] "GET /api/v1/rooms/room HTTP/1.1" 200 393 "-" "PostmanRuntime/7.29.2"
::1 - - [26/Aug/2022:04:31:11 +0000] "POST /api/v1/patients/patient HTTP/1.1" 500 264 "-" "PostmanRuntime/7.29.2"
::1 - - [26/Aug/2022:04:31:38 +0000] "POST /api/v1/patients/patient HTTP/1.1" 500 28 "-" "PostmanRuntime/7.29.2"
::1 - - [26/Aug/2022:04:33:21 +0000] "GET /api/v1/patients/patient HTTP/1.1" 200 1815 "-" "PostmanRuntime/7.29.2"
::1 - - [26/Aug/2022:04:37:50 +0000] "GET /api/v1/patients/63077f4f5b60d504109adf5c HTTP/1.1" 200 385 "-" "PostmanRuntime/7.29.2"
::1 - - [26/Aug/2022:04:38:13 +0000] "DELETE /api/v1/patients/63077f4f5b60d504109adf5c HTTP/1.1" 200 385 "-" "PostmanRuntime/7.29.2"
::1 - - [26/Aug/2022:04:38:22 +0000] "GET /api/v1/patients/patient HTTP/1.1" 200 1328 "-" "PostmanRuntime/7.29.2"
::1 - - [26/Aug/2022:04:39:14 +0000] "POST /api/v1/patients/patient HTTP/1.1" 200 379 "-" "PostmanRuntime/7.29.2"
::1 - - [26/Aug/2022:04:39:25 +0000] "GET /api/v1/patients/patient HTTP/1.1" 200 1804 "-" "PostmanRuntime/7.29.2"
::1 - - [26/Aug/2022:04:42:20 +0000] "GET /api/v1/patients/63077f4f5b60d504109adf5c HTTP/1.1" 404 44 "-" "PostmanRuntime/7.29.2"
::1 - - [26/Aug/2022:04:43:12 +0000] "PUT /api/v1/patients/63077fe25b60d504109adf66 HTTP/1.1" 200 389 "-" "PostmanRuntime/7.29.2"
::1 - - [26/Aug/2022:04:43:22 +0000] "GET /api/v1/patients/patient HTTP/1.1" 200 1806 "-" "PostmanRuntime/7.29.2"
::1 - - [26/Aug/2022:04:43:58 +0000] "PUT /api/v1/rooms/630784005193b01ac07d4d0b?RoomNo=3 HTTP/1.1" 200 170 "-" "PostmanRuntime/7.29.2"
::1 - - [26/Aug/2022:04:44:07 +0000] "GET /api/v1/rooms/room HTTP/1.1" 200 393 "-" "PostmanRuntime/7.29.2"
::1 - - [26/Aug/2022:04:44:32 +0000] "POST /api/v1/rooms/room HTTP/1.1" 200 175 "-" "PostmanRuntime/7.29.2"
::1 - - [26/Aug/2022:04:44:39 +0000] "GET /api/v1/rooms/room HTTP/1.1" 200 545 "-" "PostmanRuntime/7.29.2"
::1 - - [26/Aug/2022:04:44:51 +0000] "DELETE /api/v1/rooms/63077df55b60d504109adf4d HTTP/1.1" 400 44 "-" "PostmanRuntime/7.24.0"
::1 - - [26/Aug/2022:04:45:03 +0000] "DELETE /api/v1/rooms/63084fb0ccdc8f34c4884b55 HTTP/1.1" 200 175 "-" "PostmanRuntime/7.24.0"
::1 - - [26/Aug/2022:04:45:10 +0000] "GET /api/v1/rooms/room HTTP/1.1" 200 393 "-" "PostmanRuntime/7.29.2"
::1 - - [26/Aug/2022:04:45:23 +0000] "GET /api/v1/rooms/63077e2b5b60d504109adf51 HTTP/1.1" 200 189 "-" "PostmanRuntime/7.24.0"
::1 - - [26/Aug/2022:04:46:56 +0000] "PUT /api/v1/rooms/63077e2b5b60d504109adf51?RoomNo=3 HTTP/1.1" 200 175 "-" "PostmanRuntime/7.29.2"
::1 - - [26/Aug/2022:04:49:07 +0000] "PUT /api/v1/rooms/63077e2b5b60d504109adf51?RoomNo=3 HTTP/1.1" 200 175 "-" "PostmanRuntime/7.29.2"
::1 - - [26/Aug/2022:04:49:42 +0000] "PUT /api/v1/rooms/63077e2b5b60d504109adf71?RoomNo=3 HTTP/1.1" 400 44 "-" "PostmanRuntime/7.29.2"
::1 - - [26/Aug/2022:04:54:01 +0000] "PUT /api/v1/rooms/63077e2b5b60d504109adf71?RoomNo=3 HTTP/1.1" 400 44 "-" "PostmanRuntime/7.29.2"
::1 - - [26/Aug/2022:04:54:47 +0000] "PUT /api/v1/rooms/63077e2b5b60d504109adf51?RoomNo=%205 HTTP/1.1" 200 175 "-" "PostmanRuntime/7.29.2"
::1 - - [26/Aug/2022:04:55:22 +0000] "GET /api/v1/rooms/room HTTP/1.1" 200 393 "-" "PostmanRuntime/7.29.2"
::1 - - [26/Aug/2022:04:55:41 +0000] "POST /api/v1/rooms/room HTTP/1.1" 200 175 "-" "PostmanRuntime/7.29.2"
::1 - - [26/Aug/2022:04:55:50 +0000] "POST /api/v1/rooms/room HTTP/1.1" 200 175 "-" "PostmanRuntime/7.29.2"
::1 - - [26/Aug/2022:04:55:55 +0000] "GET /api/v1/rooms/room HTTP/1.1" 200 697 "-" "PostmanRuntime/7.29.2"
::1 - - [26/Aug/2022:04:56:13 +0000] "PUT /api/v1/rooms/63077e2b5b60d504109adf51?RoomNo=%205 HTTP/1.1" 200 175 "-" "PostmanRuntime/7.29.2"
::1 - - [26/Aug/2022:04:57:56 +0000] "PUT /api/v1/rooms/63077e2b5b60d504109adf51?RoomNo=%205 HTTP/1.1" 200 175 "-" "PostmanRuntime/7.29.2"
::1 - - [26/Aug/2022:04:58:27 +0000] "POST /api/v1/rooms/room HTTP/1.1" 200 175 "-" "PostmanRuntime/7.29.2"
::1 - - [26/Aug/2022:05:04:03 +0000] "GET /api/v1/categories/5e90434cd433fa11b078ed8a HTTP/1.1" 404 181 "-" "PostmanRuntime/7.24.0"
::1 - - [26/Aug/2022:05:05:01 +0000] "GET /api/v1/rooms/63077e2b5b60d504109adf51 HTTP/1.1" 200 189 "-" "PostmanRuntime/7.24.0"
::1 - - [26/Aug/2022:05:05:42 +0000] "GET /api/v1/rooms/63077fe25b60d504109adf66 HTTP/1.1" 400 44 "-" "PostmanRuntime/7.24.0"
::1 - - [26/Aug/2022:05:06:05 +0000] "GET /api/v1/rooms/63077fe25b60d504109adf66 HTTP/1.1" 400 44 "-" "PostmanRuntime/7.24.0"
::1 - - [26/Aug/2022:05:36:05 +0000] "GET /api/v1/patients/patient HTTP/1.1" 200 1671 "-" "PostmanRuntime/7.29.2"
::1 - - [26/Aug/2022:05:37:03 +0000] "GET /api/v1/rooms/63077e2b5b60d504109adf51 HTTP/1.1" 200 189 "-" "PostmanRuntime/7.24.0"
::1 - - [26/Aug/2022:05:37:20 +0000] "GET /api/v1/rooms/63077e2b5b60d504109adf51/patients HTTP/1.1" 200 36 "-" "PostmanRuntime/7.24.0"
::1 - - [26/Aug/2022:05:37:31 +0000] "GET /api/v1/rooms/63077e2b5b60d504109adf51/ HTTP/1.1" 200 189 "-" "PostmanRuntime/7.24.0"
::1 - - [26/Aug/2022:05:37:41 +0000] "GET /api/v1/patients/patient HTTP/1.1" 200 1671 "-" "PostmanRuntime/7.29.2"
::1 - - [26/Aug/2022:05:37:54 +0000] "GET /api/v1/rooms/room HTTP/1.1" 200 849 "-" "PostmanRuntime/7.29.2"
::1 - - [26/Aug/2022:05:38:06 +0000] "GET /api/v1/rooms/630784005193b01ac07d4d0b/ HTTP/1.1" 200 1260 "-" "PostmanRuntime/7.24.0"
::1 - - [26/Aug/2022:05:38:22 +0000] "GET /api/v1/rooms/630784005193b01ac07d4d0b/patients HTTP/1.1" 200 1112 "-" "PostmanRuntime/7.24.0"
::1 - - [26/Aug/2022:05:38:48 +0000] "GET /api/v1/rooms/63077e2b5b60d504109adf51 HTTP/1.1" 200 189 "-" "PostmanRuntime/7.24.0"
::1 - - [26/Aug/2022:05:40:06 +0000] "GET /api/v1/rooms/63077e2b5b60d504109adf51 HTTP/1.1" 200 189 "-" "PostmanRuntime/7.24.0"
::1 - - [26/Aug/2022:05:43:28 +0000] "PUT /api/v1/rooms/63077e2b5b60d504109adf51 HTTP/1.1" 200 176 "-" "PostmanRuntime/7.29.2"
::1 - - [26/Aug/2022:05:43:48 +0000] "GET /api/v1/rooms/room HTTP/1.1" 200 850 "-" "PostmanRuntime/7.29.2"
::1 - - [26/Aug/2022:07:13:18 +0000] "POST /api/v1/users HTTP/1.1" 404 152 "-" "PostmanRuntime/7.29.2"
::1 - - [26/Aug/2022:07:14:12 +0000] "POST /api/v1/users/register HTTP/1.1" 404 161 "-" "PostmanRuntime/7.29.2"
::1 - - [26/Aug/2022:07:15:18 +0000] "POST /api/v1/users/register HTTP/1.1" 404 161 "-" "PostmanRuntime/7.29.2"
::1 - - [26/Aug/2022:07:15:23 +0000] "POST /api/v1/users/register HTTP/1.1" 404 161 "-" "PostmanRuntime/7.29.2"
::1 - - [26/Aug/2022:07:15:41 +0000] "POST /api/v1/user/register HTTP/1.1" 404 160 "-" "PostmanRuntime/7.29.2"
::1 - - [26/Aug/2022:07:15:48 +0000] "POST /api/v1/users/register HTTP/1.1" 404 161 "-" "PostmanRuntime/7.29.2"
::1 - - [26/Aug/2022:07:25:30 +0000] "POST /api/v1/users/register HTTP/1.1" 200 101 "-" "PostmanRuntime/7.29.2"
::1 - - [26/Aug/2022:07:26:40 +0000] "POST /api/v1/users HTTP/1.1" 200 101 "-" "PostmanRuntime/7.29.2"
::1 - - [26/Aug/2022:07:35:44 +0000] "POST /api/v1/users HTTP/1.1" 500 374 "-" "PostmanRuntime/7.29.2"
::1 - - [26/Aug/2022:07:36:25 +0000] "POST /api/v1/users HTTP/1.1" 500 374 "-" "PostmanRuntime/7.29.2"
::1 - - [26/Aug/2022:07:36:48 +0000] "POST /api/v1/users HTTP/1.1" 500 374 "-" "PostmanRuntime/7.29.2"
::1 - - [26/Aug/2022:07:38:21 +0000] "POST /api/v1/users HTTP/1.1" 500 394 "-" "PostmanRuntime/7.29.2"
::1 - - [26/Aug/2022:07:53:15 +0000] "POST /api/v1/users HTTP/1.1" 500 382 "-" "PostmanRuntime/7.29.2"
::1 - - [26/Aug/2022:07:53:24 +0000] "POST /api/v1/users HTTP/1.1" 500 398 "-" "PostmanRuntime/7.29.2"
::1 - - [26/Aug/2022:07:53:36 +0000] "POST /api/v1/users HTTP/1.1" 200 103 "-" "PostmanRuntime/7.29.2"
::1 - - [26/Aug/2022:08:00:56 +0000] "POST /api/v1/users HTTP/1.1" 200 105 "-" "PostmanRuntime/7.29.2"
::1 - - [26/Aug/2022:08:02:49 +0000] "POST /api/v1/users HTTP/1.1" 500 353 "-" "PostmanRuntime/7.29.2"
::1 - - [26/Aug/2022:08:02:55 +0000] "POST /api/v1/users HTTP/1.1" 200 104 "-" "PostmanRuntime/7.29.2"
::1 - - [26/Aug/2022:08:26:51 +0000] "POST /api/v1/users HTTP/1.1" 200 104 "-" "PostmanRuntime/7.29.2"
::1 - - [26/Aug/2022:08:41:41 +0000] "POST /api/v1/users HTTP/1.1" 200 104 "-" "PostmanRuntime/7.29.2"
::1 - - [26/Aug/2022:08:42:47 +0000] "POST /api/v1/users HTTP/1.1" 200 108 "-" "PostmanRuntime/7.29.2"
::1 - - [26/Aug/2022:09:28:38 +0000] "POST /api/v1/users HTTP/1.1" 200 423 "-" "PostmanRuntime/7.29.2"
::1 - - [26/Aug/2022:10:09:19 +0000] "POST /api/v1/users/login HTTP/1.1" 200 425 "-" "PostmanRuntime/7.29.2"
::1 - - [26/Aug/2022:10:10:15 +0000] "POST /api/v1/users/login HTTP/1.1" 200 438 "-" "PostmanRuntime/7.29.2"
::1 - - [26/Aug/2022:10:11:24 +0000] "POST /api/v1/users/login HTTP/1.1" 401 44 "-" "PostmanRuntime/7.29.2"
::1 - - [26/Aug/2022:10:11:39 +0000] "POST /api/v1/users/login HTTP/1.1" 401 44 "-" "PostmanRuntime/7.29.2"
::1 - - [26/Aug/2022:10:11:46 +0000] "POST /api/v1/users/login HTTP/1.1" 401 44 "-" "PostmanRuntime/7.29.2"
::1 - - [26/Aug/2022:10:13:16 +0000] "POST /api/v1/users/login HTTP/1.1" 401 44 "-" "PostmanRuntime/7.29.2"
::1 - - [26/Aug/2022:10:13:24 +0000] "POST /api/v1/users/login HTTP/1.1" 401 44 "-" "PostmanRuntime/7.29.2"
::1 - - [26/Aug/2022:10:13:29 +0000] "POST /api/v1/users/login HTTP/1.1" 401 44 "-" "PostmanRuntime/7.29.2"
::1 - - [26/Aug/2022:10:13:38 +0000] "POST /api/v1/users/login HTTP/1.1" 200 438 "-" "PostmanRuntime/7.29.2"
::1 - - [26/Aug/2022:10:20:08 +0000] "POST /api/v1/users/login HTTP/1.1" 401 44 "-" "PostmanRuntime/7.29.2"
::1 - - [26/Aug/2022:10:22:21 +0000] "POST /api/v1/users/login HTTP/1.1" 200 96 "-" "PostmanRuntime/7.29.2"
::1 - - [26/Aug/2022:10:22:34 +0000] "POST /api/v1/users/login HTTP/1.1" 200 93 "-" "PostmanRuntime/7.29.2"
::1 - - [26/Aug/2022:10:23:38 +0000] "POST /api/v1/users/login HTTP/1.1" 200 438 "-" "PostmanRuntime/7.29.2"
::1 - - [29/Aug/2022:12:52:12 +0000] "POST /api/v1/users/login HTTP/1.1" 200 438 "-" "PostmanRuntime/7.29.2"
::1 - - [29/Aug/2022:13:57:28 +0000] "GET /api/v1/patients/patient HTTP/1.1" 200 1671 "-" "PostmanRuntime/7.29.2"
::1 - - [29/Aug/2022:14:42:42 +0000] "GET /api/v1/patients/patient HTTP/1.1" 200 1671 "-" "PostmanRuntime/7.29.2"
::1 - - [29/Aug/2022:14:43:19 +0000] "POST /api/v1/users/login HTTP/1.1" 200 425 "-" "PostmanRuntime/7.29.2"
::1 - - [29/Aug/2022:14:48:42 +0000] "PUT /api/v1/patients/63077fe25b60d504109adf66 HTTP/1.1" 200 389 "-" "PostmanRuntime/7.29.2"
::1 - - [29/Aug/2022:14:49:49 +0000] "PUT /api/v1/patients/63077fe25b60d504109adf66 HTTP/1.1" 200 397 "-" "PostmanRuntime/7.29.2"
::1 - - [31/Aug/2022:03:25:29 +0000] "POST /api/v1/users/login HTTP/1.1" 200 425 "-" "PostmanRuntime/7.29.2"
::1 - - [31/Aug/2022:03:26:20 +0000] "PUT /api/v1/patients/63077fe25b60d504109adf66 HTTP/1.1" 200 397 "-" "PostmanRuntime/7.29.2"
::1 - - [31/Aug/2022:03:26:35 +0000] "PUT /api/v1/patients/63077fe25b60d504109adf66 HTTP/1.1" 200 397 "-" "PostmanRuntime/7.29.2"
::1 - - [31/Aug/2022:06:27:05 +0000] "PUT /api/v1/patients/63077fe25b60d504109adf66 HTTP/1.1" 200 387 "-" "PostmanRuntime/7.29.2"
::1 - - [31/Aug/2022:06:27:28 +0000] "PUT /api/v1/patients/63077fe25b60d504109adf66 HTTP/1.1" 200 387 "-" "PostmanRuntime/7.29.2"
::1 - - [31/Aug/2022:06:27:43 +0000] "PUT /api/v1/patients/63077fe25b60d504109adf66 HTTP/1.1" 200 390 "-" "PostmanRuntime/7.29.2"
::1 - - [31/Aug/2022:06:29:05 +0000] "PUT /api/v1/patients/63077fe25b60d504109adf66 HTTP/1.1" 500 28 "-" "PostmanRuntime/7.29.2"
::1 - - [31/Aug/2022:06:32:20 +0000] "PUT /api/v1/patients/63077fe25b60d504109adf66 HTTP/1.1" 401 44 "-" "PostmanRuntime/7.29.2"
::1 - - [31/Aug/2022:06:49:28 +0000] "PUT /api/v1/patients/63077fe25b60d504109adf66 HTTP/1.1" 401 44 "-" "PostmanRuntime/7.29.2"
::1 - - [31/Aug/2022:06:50:24 +0000] "POST /api/v1/users/login HTTP/1.1" 200 425 "-" "PostmanRuntime/7.29.2"
::1 - - [31/Aug/2022:06:50:42 +0000] "PUT /api/v1/patients/63077fe25b60d504109adf66 HTTP/1.1" 401 44 "-" "PostmanRuntime/7.29.2"
::1 - - [31/Aug/2022:06:50:57 +0000] "PUT /api/v1/patients/63077fe25b60d504109adf66 HTTP/1.1" 401 44 "-" "PostmanRuntime/7.29.2"
::1 - - [31/Aug/2022:06:55:06 +0000] "PUT /api/v1/patients/63077fe25b60d504109adf66 HTTP/1.1" 401 44 "-" "PostmanRuntime/7.29.2"
::1 - - [31/Aug/2022:06:55:27 +0000] "POST /api/v1/users/login HTTP/1.1" 200 425 "-" "PostmanRuntime/7.29.2"
::1 - - [31/Aug/2022:06:55:44 +0000] "PUT /api/v1/patients/63077fe25b60d504109adf66 HTTP/1.1" 401 44 "-" "PostmanRuntime/7.29.2"
::1 - - [31/Aug/2022:06:55:53 +0000] "PUT /api/v1/patients/63077fe25b60d504109adf66 HTTP/1.1" 401 44 "-" "PostmanRuntime/7.29.2"
::1 - - [31/Aug/2022:06:57:34 +0000] "POST /api/v1/users/login HTTP/1.1" 200 425 "-" "PostmanRuntime/7.29.2"
::1 - - [31/Aug/2022:06:59:32 +0000] "PUT /api/v1/patients/63077fe25b60d504109adf66 HTTP/1.1" 401 44 "-" "PostmanRuntime/7.29.2"
::1 - - [31/Aug/2022:06:59:38 +0000] "GET /api/v1/patients/patient HTTP/1.1" 200 1672 "-" "PostmanRuntime/7.29.2"
::1 - - [31/Aug/2022:06:59:56 +0000] "PUT /api/v1/patients/63077fe25b60d504109adf66 HTTP/1.1" 401 44 "-" "PostmanRuntime/7.29.2"
::1 - - [31/Aug/2022:07:01:09 +0000] "POST /api/v1/users/login HTTP/1.1" 200 425 "-" "PostmanRuntime/7.29.2"
::1 - - [31/Aug/2022:07:01:48 +0000] "PUT /api/v1/patients/63077fe25b60d504109adf66 HTTP/1.1" 200 389 "-" "PostmanRuntime/7.29.2"
::1 - - [31/Aug/2022:10:40:30 +0000] "PUT /api/v1/patients/63077fe25b60d504109adf66 HTTP/1.1" 500 80 "-" "PostmanRuntime/7.29.2"
::1 - - [31/Aug/2022:10:44:07 +0000] "PUT /api/v1/patients/63077fe25b60d504109adf66 HTTP/1.1" 500 138 "-" "PostmanRuntime/7.29.2"
::1 - - [31/Aug/2022:14:37:53 +0000] "GET /api/v1/rooms/room HTTP/1.1" 200 850 "-" "PostmanRuntime/7.29.2"
::1 - - [31/Aug/2022:14:38:23 +0000] "DELETE /api/v1/rooms/63077e2b5b60d504109adf51 HTTP/1.1" 401 183 "-" "PostmanRuntime/7.24.0"
::1 - - [31/Aug/2022:14:39:39 +0000] "POST /api/v1/users/login HTTP/1.1" 200 425 "-" "PostmanRuntime/7.29.2"
::1 - - [31/Aug/2022:14:40:54 +0000] "DELETE /api/v1/rooms/63077e2b5b60d504109adf51 HTTP/1.1" 200 176 "-" "PostmanRuntime/7.24.0"
::1 - - [31/Aug/2022:14:41:20 +0000] "GET /api/v1/rooms/room HTTP/1.1" 200 697 "-" "PostmanRuntime/7.29.2"
::1 - - [31/Aug/2022:14:41:31 +0000] "GET /api/v1/rooms/63077e2b5b60d504109adf51 HTTP/1.1" 400 115 "-" "PostmanRuntime/7.24.0"
::1 - - [31/Aug/2022:14:42:08 +0000] "PUT /api/v1/patients/63077fe25b60d504109adf66 HTTP/1.1" 200 397 "-" "PostmanRuntime/7.29.2"
