::1 - - [06/Aug/2022:07:42:12 +0000] "POST /api/v1/categories/category HTTP/1.1" 200 68 "-" "PostmanRuntime/7.29.2"
::1 - - [08/Aug/2022:19:00:26 +0000] "POST /api/v1/categories HTTP/1.1" 404 157 "-" "PostmanRuntime/7.29.2"
::1 - - [08/Aug/2022:19:00:40 +0000] "POST /api/v1/categories/category HTTP/1.1" 200 68 "-" "PostmanRuntime/7.29.2"
::1 - - [08/Aug/2022:19:00:49 +0000] "GET /api/v1/categories HTTP/1.1" 404 156 "-" "PostmanRuntime/7.24.0"
::1 - - [08/Aug/2022:19:00:58 +0000] "GET /api/v1/categories/category HTTP/1.1" 200 496 "-" "PostmanRuntime/7.24.0"
::1 - - [08/Aug/2022:19:01:37 +0000] "GET /api/v1/categories/category HTTP/1.1" 200 496 "-" "PostmanRuntime/7.24.0"
::1 - - [08/Aug/2022:19:02:05 +0000] "PUT /api/v1/categories/62ee7824a65e97531c10aad0 HTTP/1.1" 200 98 "-" "PostmanRuntime/7.29.2"
::1 - - [08/Aug/2022:19:02:16 +0000] "GET /api/v1/categories/category HTTP/1.1" 200 496 "-" "PostmanRuntime/7.24.0"
::1 - - [08/Aug/2022:19:02:28 +0000] "POST /api/v1/categories/category HTTP/1.1" 200 68 "-" "PostmanRuntime/7.29.2"
::1 - - [08/Aug/2022:19:02:33 +0000] "GET /api/v1/categories/category HTTP/1.1" 200 664 "-" "PostmanRuntime/7.24.0"
::1 - - [08/Aug/2022:19:02:45 +0000] "DELETE /api/v1/categories/62ee7824a65e97531c10aad0 HTTP/1.1" 200 96 "-" "PostmanRuntime/7.24.0"
::1 - - [08/Aug/2022:19:02:50 +0000] "GET /api/v1/categories/category HTTP/1.1" 200 664 "-" "PostmanRuntime/7.24.0"
::1 - - [08/Aug/2022:19:03:02 +0000] "DELETE /api/v1/categories/62f15dc4828dbb399c9ef903 HTTP/1.1" 200 96 "-" "PostmanRuntime/7.24.0"
::1 - - [08/Aug/2022:19:03:08 +0000] "GET /api/v1/categories/category HTTP/1.1" 200 664 "-" "PostmanRuntime/7.24.0"
::1 - - [09/Aug/2022:10:52:30 +0000] "GET /api/v1/categories/category HTTP/1.1" 200 464 "-" "PostmanRuntime/7.24.0"
::1 - - [09/Aug/2022:10:52:38 +0000] "GET /api/v1/categories/62de8e076691e926b82fb3cb HTTP/1.1" 200 111 "-" "PostmanRuntime/7.24.0"
::1 - - [14/Aug/2022:05:27:42 +0000] "POST /api/v1/categories HTTP/1.1" 404 157 "-" "PostmanRuntime/7.29.2"
::1 - - [14/Aug/2022:05:28:02 +0000] "POST /api/v1/categories HTTP/1.1" 404 157 "-" "PostmanRuntime/7.29.2"
::1 - - [14/Aug/2022:05:28:13 +0000] "POST /api/v1/categories/category HTTP/1.1" 200 68 "-" "PostmanRuntime/7.29.2"
::1 - - [14/Aug/2022:05:28:50 +0000] "POST /api/v1/categories/category HTTP/1.1" - - "-" "PostmanRuntime/7.29.2"
::1 - - [14/Aug/2022:05:29:07 +0000] "POST /api/v1/categories/category HTTP/1.1" - - "-" "PostmanRuntime/7.29.2"
::1 - - [14/Aug/2022:05:29:37 +0000] "POST /api/v1/categories/ HTTP/1.1" 404 158 "-" "PostmanRuntime/7.29.2"
::1 - - [14/Aug/2022:05:29:57 +0000] "POST /api/v1/categories/category HTTP/1.1" - - "-" "PostmanRuntime/7.29.2"
::1 - - [14/Aug/2022:05:36:18 +0000] "GET /api/v1/categories/ HTTP/1.1" 404 157 "-" "PostmanRuntime/7.24.0"
::1 - - [14/Aug/2022:05:36:44 +0000] "GET /api/v1/categories/ HTTP/1.1" 404 157 "-" "PostmanRuntime/7.24.0"
::1 - - [14/Aug/2022:05:36:55 +0000] "GET /api/v1/categories/category HTTP/1.1" 200 513 "-" "PostmanRuntime/7.24.0"
::1 - - [14/Aug/2022:05:37:10 +0000] "GET /api/v1/categories/62f0c56ddfbd5f55c813cedc HTTP/1.1" 200 111 "-" "PostmanRuntime/7.24.0"
::1 - - [14/Aug/2022:05:37:55 +0000] "GET /api/v1/categories/ HTTP/1.1" 404 157 "-" "PostmanRuntime/7.29.2"
::1 - - [14/Aug/2022:05:38:03 +0000] "GET /api/v1/categories/category HTTP/1.1" 200 513 "-" "PostmanRuntime/7.29.2"
::1 - - [14/Aug/2022:05:38:17 +0000] "GET /api/v1/categories/62f0cbc4625ecb4acc0ed8b4 HTTP/1.1" 200 111 "-" "PostmanRuntime/7.29.2"
::1 - - [14/Aug/2022:05:38:31 +0000] "GET /api/v1/categories/62f0c56ddfbd5f55c813cedc HTTP/1.1" 200 111 "-" "PostmanRuntime/7.24.0"
::1 - - [14/Aug/2022:07:09:53 +0000] "POST /api/v1/categories HTTP/1.1" 404 157 "-" "PostmanRuntime/7.29.2"
::1 - - [14/Aug/2022:07:42:17 +0000] "POST /api/v1/categories/category HTTP/1.1" - - "-" "PostmanRuntime/7.29.2"
::1 - - [14/Aug/2022:07:42:54 +0000] "POST /api/v1/categories/category HTTP/1.1" - - "-" "PostmanRuntime/7.29.2"
::1 - - [14/Aug/2022:07:57:43 +0000] "POST /api/v1/categories/category HTTP/1.1" 400 858 "-" "PostmanRuntime/7.29.2"
::1 - - [14/Aug/2022:07:57:51 +0000] "POST /api/v1/categories/category HTTP/1.1" 400 858 "-" "PostmanRuntime/7.29.2"
::1 - - [14/Aug/2022:07:58:21 +0000] "POST /api/v1/categories/category HTTP/1.1" 400 553 "-" "PostmanRuntime/7.29.2"
::1 - - [14/Aug/2022:07:59:41 +0000] "POST /api/v1/categories/category HTTP/1.1" 200 229 "-" "PostmanRuntime/7.29.2"
::1 - - [14/Aug/2022:08:00:50 +0000] "POST /api/v1/categories/category HTTP/1.1" 400 858 "-" "PostmanRuntime/7.29.2"
::1 - - [14/Aug/2022:08:01:21 +0000] "POST /api/v1/categories/category HTTP/1.1" 400 152 "-" "PostmanRuntime/7.29.2"
::1 - - [14/Aug/2022:08:01:50 +0000] "GET /api/v1/categories/category HTTP/1.1" 200 719 "-" "PostmanRuntime/7.24.0"
::1 - - [14/Aug/2022:08:01:57 +0000] "GET /api/v1/categories/category HTTP/1.1" 200 719 "-" "PostmanRuntime/7.29.2"
::1 - - [14/Aug/2022:08:27:44 +0000] "POST /api/v1/categories/category HTTP/1.1" 400 152 "-" "PostmanRuntime/7.29.2"
::1 - - [14/Aug/2022:08:27:52 +0000] "POST /api/v1/categories/category HTTP/1.1" 400 858 "-" "PostmanRuntime/7.29.2"
::1 - - [14/Aug/2022:08:28:03 +0000] "POST /api/v1/categories/ HTTP/1.1" 404 158 "-" "PostmanRuntime/7.29.2"
::1 - - [14/Aug/2022:08:28:14 +0000] "POST /api/v1/categories/ HTTP/1.1" 404 158 "-" "PostmanRuntime/7.29.2"
::1 - - [14/Aug/2022:08:29:30 +0000] "POST /api/v1/categories/ HTTP/1.1" 404 158 "-" "PostmanRuntime/7.29.2"
::1 - - [14/Aug/2022:08:29:39 +0000] "POST /api/v1/categories/category HTTP/1.1" 400 528 "-" "PostmanRuntime/7.29.2"
::1 - - [14/Aug/2022:08:29:51 +0000] "POST /api/v1/categories/category HTTP/1.1" 400 530 "-" "PostmanRuntime/7.29.2"
::1 - - [14/Aug/2022:08:30:06 +0000] "POST /api/v1/categories/category HTTP/1.1" 400 152 "-" "PostmanRuntime/7.29.2"
::1 - - [14/Aug/2022:08:31:03 +0000] "POST /api/v1/categories/category HTTP/1.1" 200 229 "-" "PostmanRuntime/7.29.2"
::1 - - [14/Aug/2022:08:35:11 +0000] "GET /api/v1/categories/category HTTP/1.1" 200 925 "-" "PostmanRuntime/7.29.2"
::1 - - [14/Aug/2022:08:38:00 +0000] "POST /api/v1/categories/category HTTP/1.1" 400 150 "-" "PostmanRuntime/7.29.2"
::1 - - [14/Aug/2022:08:41:42 +0000] "POST /api/v1/categories/category HTTP/1.1" 400 150 "-" "PostmanRuntime/7.29.2"
::1 - - [14/Aug/2022:08:42:12 +0000] "POST /api/v1/categories/category HTTP/1.1" 400 150 "-" "PostmanRuntime/7.29.2"
::1 - - [14/Aug/2022:08:43:45 +0000] "POST /api/v1/categories/category HTTP/1.1" 400 150 "-" "PostmanRuntime/7.29.2"
::1 - - [14/Aug/2022:08:46:56 +0000] "POST /api/v1/categories/category HTTP/1.1" 400 150 "-" "PostmanRuntime/7.29.2"
::1 - - [14/Aug/2022:09:27:49 +0000] "GET /api/v1/categories/category HTTP/1.1" 200 830 "-" "PostmanRuntime/7.24.0"
::1 - - [14/Aug/2022:09:57:18 +0000] "GET /api/v1/categories/62f0cbc4625ecb4acc0ed8b4 HTTP/1.1" 200 111 "-" "PostmanRuntime/7.29.2"
::1 - - [14/Aug/2022:09:57:24 +0000] "GET /api/v1/categories/category HTTP/1.1" 200 830 "-" "PostmanRuntime/7.29.2"
::1 - - [14/Aug/2022:10:06:00 +0000] "GET /api/v1/categories/33 HTTP/1.1" 400 252 "-" "PostmanRuntime/7.29.2"
::1 - - [14/Aug/2022:10:06:26 +0000] "GET /api/v1/categories/62f0cbc4625ecb4acc0ed8b4 HTTP/1.1" 200 177 "-" "PostmanRuntime/7.29.2"
::1 - - [14/Aug/2022:10:06:45 +0000] "GET /api/v1/categories/62f0cbc4625ecb4acc0ed8b%D0%B1 HTTP/1.1" 400 321 "-" "PostmanRuntime/7.29.2"
::1 - - [14/Aug/2022:10:06:56 +0000] "GET /api/v1/categories/62f0cbc4625ecb4acc0ed8b1 HTTP/1.1" 200 28 "-" "PostmanRuntime/7.29.2"
::ffff:192.168.1.12 - - [14/Aug/2022:10:07:25 +0000] "GET / HTTP/1.1" 404 139 "-" "AVG Antivirus"
::1 - - [14/Aug/2022:10:11:35 +0000] "GET /api/v1/categories/62f0cbc4625ecb4acc0ed8b1 HTTP/1.1" 400 94 "-" "PostmanRuntime/7.29.2"
::1 - - [14/Aug/2022:10:12:01 +0000] "GET /api/v1/categories/62f0cbc4625ecb4acc0ed8b4 HTTP/1.1" 200 177 "-" "PostmanRuntime/7.29.2"
::1 - - [14/Aug/2022:10:17:28 +0000] "GET /api/v1/categories/62f0cbc4625ecb4acc0ed8b4 HTTP/1.1" 200 177 "-" "PostmanRuntime/7.29.2"
::1 - - [14/Aug/2022:10:17:33 +0000] "GET /api/v1/categories/62f0cbc4625ecb4acc0ed8b1 HTTP/1.1" 400 94 "-" "PostmanRuntime/7.29.2"
::1 - - [14/Aug/2022:10:17:40 +0000] "GET /api/v1/categories/62f0cbc4625ecb4acc0ed HTTP/1.1" 400 309 "-" "PostmanRuntime/7.29.2"
::1 - - [14/Aug/2022:10:20:00 +0000] "DELETE /api/v1/categories/1 HTTP/1.1" 200 73 "-" "PostmanRuntime/7.29.2"
::1 - - [14/Aug/2022:10:31:21 +0000] "DELETE /api/v1/categories/62f8b2c7c49a0c402cede84b HTTP/1.1" 200 229 "-" "PostmanRuntime/7.29.2"
::1 - - [14/Aug/2022:10:31:39 +0000] "DELETE /api/v1/categories/category/62f8b2c7c49a0c402cede84b HTTP/1.1" 404 193 "-" "PostmanRuntime/7.29.2"
::1 - - [14/Aug/2022:10:32:01 +0000] "DELETE /api/v1/categories/category/62f8b2c7c49a0c402cede84b HTTP/1.1" 404 193 "-" "PostmanRuntime/7.29.2"
::1 - - [14/Aug/2022:10:32:14 +0000] "DELETE /api/v1/categories/62f8b2c7c49a0c402cede84b HTTP/1.1" 400 94 "-" "PostmanRuntime/7.24.0"
::1 - - [14/Aug/2022:10:32:25 +0000] "GET /api/v1/categories/category HTTP/1.1" 200 624 "-" "PostmanRuntime/7.29.2"
::1 - - [14/Aug/2022:10:32:40 +0000] "DELETE /api/v1/categories/62f887ed791cad2ddcca1502 HTTP/1.1" 200 262 "-" "PostmanRuntime/7.29.2"
::1 - - [14/Aug/2022:10:32:55 +0000] "DELETE /api/v1/categories/62f887ed791cad2ddcca1502 HTTP/1.1" 400 94 "-" "PostmanRuntime/7.24.0"
::1 - - [14/Aug/2022:10:32:59 +0000] "GET /api/v1/categories/category HTTP/1.1" 200 385 "-" "PostmanRuntime/7.24.0"
::1 - - [14/Aug/2022:10:36:05 +0000] "POST /api/v1/categories/?name=%D0%A8%D0%B0%D1%88%D0%B8%D0%BD&description=%D0%A8%D0%B0%D1%88%D0%B8%D0%BD%D1%8B%20%D1%82%D1%83%D1%85%D0%B0%D0%B9%20%D0%B4%D1%8D%D0%BB%D0%B3%D1%8D%D1%80%D1%8D%D0%BD%D0%B3%D2%AF%D0%B9%20%D0%BC%D1%8D%D0%B4%D1%8D%D1%8D%D0%BB%D1%8D%D0%BB%20%D0%B0%D0%B2%D0%B0%D1%85 HTTP/1.1" 404 158 "-" "PostmanRuntime/7.29.2"
::1 - - [14/Aug/2022:10:36:35 +0000] "POST /api/v1/categories/ HTTP/1.1" 404 158 "-" "PostmanRuntime/7.29.2"
::1 - - [14/Aug/2022:10:36:43 +0000] "POST /api/v1/categories/category HTTP/1.1" 200 174 "-" "PostmanRuntime/7.29.2"
::1 - - [14/Aug/2022:10:36:59 +0000] "DELETE /api/v1/categories/62f8d03b86b0eb06342f4f25 HTTP/1.1" 200 174 "-" "PostmanRuntime/7.29.2"
::1 - - [14/Aug/2022:10:38:27 +0000] "GET /api/v1/categories/category HTTP/1.1" 200 385 "-" "PostmanRuntime/7.29.2"
::1 - - [14/Aug/2022:10:39:22 +0000] "DELETE /api/v1/categories/11 HTTP/1.1" 400 252 "-" "PostmanRuntime/7.29.2"
::1 - - [14/Aug/2022:10:39:30 +0000] "DELETE /api/v1/categories/62f8d03b86b0eb06342f4f25 HTTP/1.1" 400 94 "-" "PostmanRuntime/7.29.2"
::1 - - [14/Aug/2022:10:39:44 +0000] "DELETE /api/v1/categories/62f8d03b86b0eb06342f4f25 HTTP/1.1" 400 94 "-" "PostmanRuntime/7.24.0"
::1 - - [14/Aug/2022:10:40:17 +0000] "DELETE /api/v1/categories/62f0cbc4625ecb4acc0ed8b4 HTTP/1.1" 200 177 "-" "PostmanRuntime/7.24.0"
::1 - - [14/Aug/2022:10:40:24 +0000] "DELETE /api/v1/categories/62f0cbc4625ecb4acc0ed8b4 HTTP/1.1" 400 94 "-" "PostmanRuntime/7.24.0"
::1 - - [14/Aug/2022:10:40:29 +0000] "DELETE /api/v1/categories/ssas HTTP/1.1" 400 258 "-" "PostmanRuntime/7.24.0"
::1 - - [14/Aug/2022:10:40:35 +0000] "GET /api/v1/categories/category HTTP/1.1" 200 231 "-" "PostmanRuntime/7.24.0"
::1 - - [14/Aug/2022:10:43:55 +0000] "PUT /api/v1/categories/62f0c56ddfbd5f55c813cedc HTTP/1.1" 200 98 "-" "PostmanRuntime/7.29.2"
::1 - - [14/Aug/2022:10:54:56 +0000] "PUT /api/v1/categories/555?name=ssadada HTTP/1.1" 400 255 "-" "PostmanRuntime/7.29.2"
::1 - - [14/Aug/2022:10:55:45 +0000] "PUT /api/v1/categories/62f8ab6d60533b47ac2ae0c4 HTTP/1.1" 400 94 "-" "PostmanRuntime/7.29.2"
::1 - - [14/Aug/2022:10:56:34 +0000] "PUT /api/v1/categories/62f8ab6d60533b47ac2ae0ca HTTP/1.1" 200 216 "-" "PostmanRuntime/7.29.2"
::1 - - [14/Aug/2022:10:56:59 +0000] "GET /api/v1/categories/category HTTP/1.1" 200 218 "-" "PostmanRuntime/7.24.0"
::1 - - [14/Aug/2022:10:57:19 +0000] "PUT /api/v1/categories/62f8ab6d60533b47ac2ae0ca HTTP/1.1" 200 229 "-" "PostmanRuntime/7.29.2"
::1 - - [14/Aug/2022:10:57:57 +0000] "PUT /api/v1/categories/62f8ab6d60533b47ac2ae0ca HTTP/1.1" 200 224 "-" "PostmanRuntime/7.29.2"
::1 - - [14/Aug/2022:10:58:04 +0000] "GET /api/v1/categories/category HTTP/1.1" 200 226 "-" "PostmanRuntime/7.24.0"
::1 - - [14/Aug/2022:10:58:38 +0000] "PUT /api/v1/categories/62f8ab6d60533b47ac2ae0ca HTTP/1.1" 400 2571 "-" "PostmanRuntime/7.29.2"
::1 - - [14/Aug/2022:10:58:55 +0000] "PUT /api/v1/categories/62f8ab6d60533b47ac2ae0ca HTTP/1.1" 200 224 "-" "PostmanRuntime/7.29.2"
::1 - - [14/Aug/2022:11:00:47 +0000] "POST /api/v1/categories/category HTTP/1.1" 200 222 "-" "PostmanRuntime/7.29.2"
::1 - - [14/Aug/2022:11:00:59 +0000] "GET /api/v1/categories/category HTTP/1.1" 200 425 "-" "PostmanRuntime/7.24.0"
::1 - - [14/Aug/2022:11:02:16 +0000] "POST /api/v1/categories/category HTTP/1.1" 200 216 "-" "PostmanRuntime/7.29.2"
::1 - - [14/Aug/2022:11:03:16 +0000] "GET /api/v1/categories/category HTTP/1.1" 200 618 "-" "PostmanRuntime/7.24.0"
::1 - - [14/Aug/2022:12:25:35 +0000] "GET /api/v1/categories/62f0c56ddfbd5f55c813cedc HTTP/1.1" 400 94 "-" "PostmanRuntime/7.24.0"
::1 - - [14/Aug/2022:12:25:46 +0000] "GET /api/v1/categories/62f8d63858d3c30b708621d4 HTTP/1.1" 200 216 "-" "PostmanRuntime/7.24.0"
::1 - - [14/Aug/2022:12:25:59 +0000] "GET /api/v1/categories/62f8d63858d3c30b708621d22 HTTP/1.1" 500 645 "-" "PostmanRuntime/7.24.0"
::1 - - [14/Aug/2022:12:54:32 +0000] "GET /api/v1/categories/62f8d63858d3c30b708621d22 HTTP/1.1" 500 144 "-" "PostmanRuntime/7.24.0"
::1 - - [14/Aug/2022:12:55:33 +0000] "GET /api/v1/categories/62f8d63858d3c30b708621d22 HTTP/1.1" 500 144 "-" "PostmanRuntime/7.24.0"
::1 - - [14/Aug/2022:13:07:02 +0000] "DELETE /api/v1/categories/ssasd HTTP/1.1" 500 124 "-" "PostmanRuntime/7.24.0"
::1 - - [14/Aug/2022:22:35:45 +0000] "GET /api/v1/categories/category HTTP/1.1" 200 618 "-" "PostmanRuntime/7.24.0"
::1 - - [14/Aug/2022:22:35:58 +0000] "DELETE /api/v1/categories/62f8ab6d60533b47ac2ae0cdd HTTP/1.1" 500 144 "-" "PostmanRuntime/7.24.0"
::1 - - [14/Aug/2022:22:37:25 +0000] "GET /api/v1/categories/62f8ab6d60533b47ac2ae0ca HTTP/1.1" 200 224 "-" "PostmanRuntime/7.24.0"
::1 - - [14/Aug/2022:22:37:42 +0000] "GET /api/v1/categories/62f8ab6d60533b47ac2ae0cb HTTP/1.1" 400 94 "-" "PostmanRuntime/7.24.0"
::1 - - [14/Aug/2022:22:38:46 +0000] "GET /api/v1/categories/62f8ab6d60533b47ac2ae0cb HTTP/1.1" 400 99 "-" "PostmanRuntime/7.24.0"
::1 - - [15/Aug/2022:08:47:42 +0000] "GET /api/v1/categories/category HTTP/1.1" 200 618 "-" "PostmanRuntime/7.24.0"
::1 - - [15/Aug/2022:08:47:57 +0000] "GET /api/v1/categories/62f8ab6d60533b47ac2ae0ca HTTP/1.1" 200 224 "-" "PostmanRuntime/7.24.0"
::1 - - [15/Aug/2022:08:48:18 +0000] "GET /api/v1/categories/62f8ab6d60533b47ac2ae0c%D0%BC HTTP/1.1" 500 144 "-" "PostmanRuntime/7.24.0"
::1 - - [15/Aug/2022:08:48:33 +0000] "GET /api/v1/categories/62f8ab6d60533b47ac2ae0cbb HTTP/1.1" 500 144 "-" "PostmanRuntime/7.24.0"
::1 - - [15/Aug/2022:08:49:07 +0000] "GET /api/v1/categories/62f8ab6d60533b47ac2ae0cbddd HTTP/1.1" 500 146 "-" "PostmanRuntime/7.24.0"
::1 - - [15/Aug/2022:08:49:15 +0000] "GET /api/v1/categories/62f8ab6d60533b47ac2ae0ca HTTP/1.1" 200 224 "-" "PostmanRuntime/7.24.0"
::1 - - [15/Aug/2022:08:49:23 +0000] "GET /api/v1/categories/62f8ab6d60533b47ac2ae0cn HTTP/1.1" 500 143 "-" "PostmanRuntime/7.24.0"
::1 - - [15/Aug/2022:08:50:12 +0000] "GET /api/v1/categories/62f8ab6d60533b47ac2ae0cn HTTP/1.1" 500 154 "-" "PostmanRuntime/7.24.0"
::1 - - [15/Aug/2022:08:56:09 +0000] "GET /api/v1/categories/62f8ab6d60533b47ac2ae0cn HTTP/1.1" 500 154 "-" "PostmanRuntime/7.24.0"
::1 - - [15/Aug/2022:08:56:20 +0000] "GET /api/v1/categories/62f8ab6d60533b47ac2ae0 HTTP/1.1" 500 152 "-" "PostmanRuntime/7.24.0"
::1 - - [15/Aug/2022:08:56:30 +0000] "GET /api/v1/categories/s HTTP/1.1" 500 131 "-" "PostmanRuntime/7.24.0"
::1 - - [15/Aug/2022:08:56:37 +0000] "GET /api/v1/categories/MyError HTTP/1.1" 500 137 "-" "PostmanRuntime/7.24.0"
::1 - - [15/Aug/2022:08:58:25 +0000] "POST /api/v1/categories/category HTTP/1.1" 200 211 "-" "PostmanRuntime/7.29.2"
::1 - - [15/Aug/2022:08:58:55 +0000] "DELETE /api/v1/categories/62f8ab6d60533b47ac2ae0cds HTTP/1.1" 500 155 "-" "PostmanRuntime/7.24.0"
::1 - - [15/Aug/2022:08:59:10 +0000] "GET /api/v1/categories/category HTTP/1.1" 200 806 "-" "PostmanRuntime/7.29.2"
::1 - - [15/Aug/2022:08:59:22 +0000] "GET /api/v1/categories/62fa0ab109bee2011c14aa0d HTTP/1.1" 200 211 "-" "PostmanRuntime/7.29.2"
::1 - - [15/Aug/2022:08:59:27 +0000] "GET /api/v1/categories/62fa0ab109bee2011c14aa0b HTTP/1.1" 403 110 "-" "PostmanRuntime/7.29.2"
::1 - - [15/Aug/2022:08:59:57 +0000] "GET /api/v1/categories/62fa0ab109bee2011c14aa0d HTTP/1.1" 200 211 "-" "PostmanRuntime/7.24.0"
::1 - - [15/Aug/2022:09:00:02 +0000] "GET /api/v1/categories/62fa0ab109bee2011c14aa0b HTTP/1.1" 403 110 "-" "PostmanRuntime/7.24.0"
::1 - - [15/Aug/2022:09:07:44 +0000] "GET /api/v1/categories/62fa0ab109bee2011c14aa0b HTTP/1.1" 403 110 "-" "PostmanRuntime/7.24.0"
::1 - - [15/Aug/2022:09:08:30 +0000] "GET /api/v1/categories/62fa0ab109bee2011c14aa0b HTTP/1.1" 400 106 "-" "PostmanRuntime/7.24.0"
::1 - - [15/Aug/2022:09:12:20 +0000] "GET /api/v1/categories/62fa0ab109bee2011c14aa0b HTTP/1.1" 400 105 "-" "PostmanRuntime/7.24.0"
::1 - - [15/Aug/2022:09:33:41 +0000] "GET /api/v1/categories/62f8ab6d60533b47ac2ae0ca HTTP/1.1" 200 224 "-" "PostmanRuntime/7.24.0"
::1 - - [15/Aug/2022:09:33:50 +0000] "GET /api/v1/categories/62f8ab6d60533b47ac2ae0cdd HTTP/1.1" 500 155 "-" "PostmanRuntime/7.24.0"
::1 - - [15/Aug/2022:10:06:00 +0000] "GET /api/v1/categories/62f8ab6d60533b47ac2ae0cdd HTTP/1.1" 400 91 "-" "PostmanRuntime/7.24.0"
::1 - - [15/Aug/2022:10:07:59 +0000] "POST /api/v1/categories/category HTTP/1.1" 500 209 "-" "PostmanRuntime/7.29.2"
::1 - - [15/Aug/2022:10:08:20 +0000] "POST /api/v1/categories/category HTTP/1.1" 500 209 "-" "PostmanRuntime/7.29.2"
::ffff:192.168.1.12 - - [15/Aug/2022:10:09:01 +0000] "GET / HTTP/1.1" 404 139 "-" "AVG Antivirus"
::1 - - [15/Aug/2022:10:09:47 +0000] "POST /api/v1/categories/category HTTP/1.1" 500 858 "-" "PostmanRuntime/7.29.2"
::1 - - [15/Aug/2022:10:13:03 +0000] "GET /api/v1/categories/62f8ab6d60533b47ac2ae0cdd HTTP/1.1" 400 257 "-" "PostmanRuntime/7.24.0"
::1 - - [15/Aug/2022:10:16:37 +0000] "POST /api/v1/categories/category HTTP/1.1" 500 553 "-" "PostmanRuntime/7.29.2"
::1 - - [15/Aug/2022:10:17:34 +0000] "POST /api/v1/categories/category HTTP/1.1" 500 152 "-" "PostmanRuntime/7.29.2"
::1 - - [15/Aug/2022:11:18:10 +0000] "POST /api/v1/categories/category HTTP/1.1" 500 152 "-" "PostmanRuntime/7.29.2"
::1 - - [15/Aug/2022:11:18:54 +0000] "POST /api/v1/categories/category HTTP/1.1" 500 152 "-" "PostmanRuntime/7.29.2"
::1 - - [15/Aug/2022:11:19:27 +0000] "POST /api/v1/categories/category HTTP/1.1" 500 152 "-" "PostmanRuntime/7.29.2"
::1 - - [15/Aug/2022:11:20:05 +0000] "POST /api/v1/categories/category HTTP/1.1" 500 1430 "-" "PostmanRuntime/7.29.2"
::1 - - [15/Aug/2022:11:21:58 +0000] "POST /api/v1/categories/category HTTP/1.1" 500 264 "-" "PostmanRuntime/7.29.2"
::1 - - [15/Aug/2022:11:22:42 +0000] "POST /api/v1/categories/category HTTP/1.1" 500 152 "-" "PostmanRuntime/7.29.2"
::1 - - [15/Aug/2022:11:23:26 +0000] "POST /api/v1/categories/category HTTP/1.1" 500 264 "-" "PostmanRuntime/7.29.2"
::1 - - [15/Aug/2022:11:25:10 +0000] "POST /api/v1/categories/category HTTP/1.1" 500 264 "-" "PostmanRuntime/7.29.2"
::1 - - [15/Aug/2022:11:26:22 +0000] "POST /api/v1/categories/category HTTP/1.1" 500 264 "-" "PostmanRuntime/7.29.2"
::1 - - [15/Aug/2022:11:59:32 +0000] "GET /api/v1/categories/category HTTP/1.1" 200 806 "-" "PostmanRuntime/7.24.0"
::1 - - [16/Aug/2022:13:37:41 +0000] "GET /api/v1/categories/category HTTP/1.1" 200 806 "-" "PostmanRuntime/7.24.0"
::1 - - [16/Aug/2022:13:42:09 +0000] "DELETE /api/v1/categories/62f8d5df58d3c30b708621d1 HTTP/1.1" 200 222 "-" "PostmanRuntime/7.24.0"
::1 - - [16/Aug/2022:13:42:17 +0000] "GET /api/v1/categories/category HTTP/1.1" 200 607 "-" "PostmanRuntime/7.24.0"
::1 - - [16/Aug/2022:14:00:30 +0000] "PUT /api/v1/categories/62fa0ab109bee2011c14aa0d HTTP/1.1" 200 211 "-" "PostmanRuntime/7.29.2"
::1 - - [16/Aug/2022:14:00:36 +0000] "GET /api/v1/categories/category HTTP/1.1" 200 607 "-" "PostmanRuntime/7.24.0"
::1 - - [16/Aug/2022:14:20:04 +0000] "GET /api/v1/categories/category HTTP/1.1" 200 26 "-" "PostmanRuntime/7.24.0"
::1 - - [16/Aug/2022:15:18:31 +0000] "GET /api/v1/categories/category HTTP/1.1" 200 607 "-" "PostmanRuntime/7.24.0"
::1 - - [17/Aug/2022:07:12:01 +0000] "POST /api/v1/categories/category HTTP/1.1" 200 185 "-" "PostmanRuntime/7.29.2"
::1 - - [17/Aug/2022:07:36:36 +0000] "POST /api/v1/categories/category HTTP/1.1" 200 177 "-" "PostmanRuntime/7.29.2"
::1 - - [17/Aug/2022:07:41:11 +0000] "POST /api/v1/categories/category HTTP/1.1" 200 247 "-" "PostmanRuntime/7.29.2"
::1 - - [17/Aug/2022:07:42:06 +0000] "POST /api/v1/categories/category HTTP/1.1" 500 264 "-" "PostmanRuntime/7.29.2"
::1 - - [17/Aug/2022:07:42:12 +0000] "GET /api/v1/categories/category HTTP/1.1" 200 249 "-" "PostmanRuntime/7.24.0"
::1 - - [17/Aug/2022:09:33:54 +0000] "GET /api/v1/categories/category HTTP/1.1" 200 785 "-" "PostmanRuntime/7.24.0"
::1 - - [17/Aug/2022:09:36:11 +0000] "POST /api/v1/categories/category HTTP/1.1" 200 291 "-" "PostmanRuntime/7.29.2"
::1 - - [17/Aug/2022:09:37:02 +0000] "GET /api/v1/categories/category HTTP/1.1" 200 1053 "-" "PostmanRuntime/7.24.0"
::ffff:192.168.1.105 - - [17/Aug/2022:10:12:25 +0000] "GET / HTTP/1.1" 404 139 "-" "AVG Antivirus"
::1 - - [17/Aug/2022:10:45:49 +0000] "GET /api/v1/categories/category HTTP/1.1" 200 1053 "-" "PostmanRuntime/7.24.0"
::1 - - [17/Aug/2022:10:47:02 +0000] "GET /api/v1/categories/category?name=%D0%91%D0%B8%D0%B7%D0%BD%D0%B5%D1%81&averagePrice=10000 HTTP/1.1" 200 1053 "-" "PostmanRuntime/7.24.0"
::1 - - [17/Aug/2022:10:48:51 +0000] "GET /api/v1/categories/category?name=%D0%91%D0%B8%D0%B7%D0%BD%D0%B5%D1%81&averagePrice=10000 HTTP/1.1" 200 1053 "-" "PostmanRuntime/7.24.0"
::1 - - [17/Aug/2022:10:50:03 +0000] "GET /api/v1/categories/category?name=%D0%91%D0%B8%D0%B7%D0%BD%D0%B5%D1%81 HTTP/1.1" 200 273 "-" "PostmanRuntime/7.24.0"
::1 - - [17/Aug/2022:10:50:36 +0000] "GET /api/v1/categories/category?name=%D0%A3%D1%80%D0%B0%D0%BD%20%D0%B7%D0%BE%D1%85%D0%B8%D0%BE%D0%BB HTTP/1.1" 200 287 "-" "PostmanRuntime/7.24.0"
::1 - - [17/Aug/2022:11:02:56 +0000] "GET /api/v1/categories/category?averagePrice[$gte]=40000 HTTP/1.1" 200 523 "-" "PostmanRuntime/7.24.0"
::1 - - [17/Aug/2022:11:07:53 +0000] "GET /api/v1/categories/category?averagePrice[$lte]=40000 HTTP/1.1" 200 555 "-" "PostmanRuntime/7.24.0"
::1 - - [17/Aug/2022:11:09:24 +0000] "GET /api/v1/categories/category?averagePrice[$lte]=40000&averageRating[$gte]=7 HTTP/1.1" 200 287 "-" "PostmanRuntime/7.24.0"
::1 - - [17/Aug/2022:11:10:14 +0000] "GET /api/v1/categories/category?averagePrice[$lte]=40000&averageRating[$gte]=7 HTTP/1.1" 200 287 "-" "PostmanRuntime/7.24.0"
::1 - - [17/Aug/2022:11:44:51 +0000] "GET /api/v1/categories/category?select=name%20slug HTTP/1.1" 200 26 "-" "PostmanRuntime/7.24.0"
::1 - - [17/Aug/2022:11:51:42 +0000] "GET /api/v1/categories/category?select=name%20slug HTTP/1.1" 200 370 "-" "PostmanRuntime/7.24.0"
::1 - - [17/Aug/2022:11:54:41 +0000] "GET /api/v1/categories/category?select=name%20slug%20averageRating HTTP/1.1" 200 443 "-" "PostmanRuntime/7.24.0"
::1 - - [17/Aug/2022:11:55:54 +0000] "GET /api/v1/categories/category?select=name%20slug%20averageRating&averageRating[$gt]=5 HTTP/1.1" 200 222 "-" "PostmanRuntime/7.24.0"
::1 - - [17/Aug/2022:11:58:25 +0000] "GET /api/v1/categories/category?select=name%20slug%20averageRating&averageRating[$gt]=4&sort=name HTTP/1.1" 200 26 "-" "PostmanRuntime/7.24.0"
::1 - - [17/Aug/2022:12:17:04 +0000] "GET /api/v1/categories/category?select=name%20slug%20averageRating&averageRating[$gt]=4&sort=name HTTP/1.1" 200 335 "-" "PostmanRuntime/7.24.0"
::1 - - [17/Aug/2022:12:17:41 +0000] "GET /api/v1/categories/category?select=name%20slug%20averageRating&averageRating[$gt]=4&sort=-name HTTP/1.1" 200 335 "-" "PostmanRuntime/7.24.0"
::1 - - [17/Aug/2022:12:18:55 +0000] "GET /api/v1/categories/category?select=name%20slug%20averageRating&averageRating[$gt]=4&sort=averageRating HTTP/1.1" 200 335 "-" "PostmanRuntime/7.24.0"
::1 - - [17/Aug/2022:12:20:21 +0000] "GET /api/v1/categories/category?select=name%20slug%20averagePrice%20averageRating&averageRating[$gt]=4&sort=averageRating HTTP/1.1" 200 397 "-" "PostmanRuntime/7.24.0"
::1 - - [17/Aug/2022:12:21:07 +0000] "GET /api/v1/categories/category?select=name%20slug%20averagePrice%20averageRating&averageRating[$gt]=4&sort=averageRating%20averagePrice HTTP/1.1" 200 397 "-" "PostmanRuntime/7.24.0"
::1 - - [17/Aug/2022:12:22:59 +0000] "POST /api/v1/categories/category HTTP/1.1" 200 313 "-" "PostmanRuntime/7.29.2"
::1 - - [17/Aug/2022:12:23:10 +0000] "GET /api/v1/categories/category?select=name%20slug%20averagePrice%20averageRating&averageRating[$gt]=4&sort=averageRating%20-averagePrice HTTP/1.1" 200 397 "-" "PostmanRuntime/7.24.0"
::1 - - [17/Aug/2022:12:23:44 +0000] "GET /api/v1/categories/category HTTP/1.1" 200 1343 "-" "PostmanRuntime/7.24.0"
::1 - - [17/Aug/2022:12:24:08 +0000] "GET /api/v1/categories/category?select=name%20slug%20averagePrice%20averageRating&averageRating[$gt]=4&sort=averageRating%20-averagePrice HTTP/1.1" 200 397 "-" "PostmanRuntime/7.24.0"
::1 - - [17/Aug/2022:12:24:45 +0000] "PUT /api/v1/categories/62f8d63858d3c30b708621d4 HTTP/1.1" 200 271 "-" "PostmanRuntime/7.29.2"
::1 - - [17/Aug/2022:12:24:51 +0000] "GET /api/v1/categories/category?select=name%20slug%20averagePrice%20averageRating&averageRating[$gt]=4&sort=averageRating%20-averagePrice HTTP/1.1" 200 397 "-" "PostmanRuntime/7.24.0"
::1 - - [17/Aug/2022:14:10:01 +0000] "GET /api/v1/categories/category?select=name HTTP/1.1" 200 367 "-" "PostmanRuntime/7.24.0"
::1 - - [17/Aug/2022:14:12:40 +0000] "GET /api/v1/categories/category?select=name=%D0%A3%D1%80%D0%B0%D0%BD%20%D0%B7%D0%BE%D1%85%D0%B8%D0%BE%D0%BB HTTP/1.1" 200 200 "-" "PostmanRuntime/7.24.0"
::1 - - [17/Aug/2022:14:13:10 +0000] "GET /api/v1/categories/category?select=name&name=%D0%A3%D1%80%D0%B0%D0%BD%20%D0%B7%D0%BE%D1%85%D0%B8%D0%BE%D0%BB HTTP/1.1" 200 91 "-" "PostmanRuntime/7.24.0"
::1 - - [17/Aug/2022:14:13:58 +0000] "GET /api/v1/categories/category?select=name&name=%D0%A3%D1%80%D0%B0%D0%BD%20%D0%B7%D0%BE%D1%85%D0%B8%D0%BE%D0%BB&page=2&limit=1 HTTP/1.1" 200 26 "-" "PostmanRuntime/7.24.0"
::1 - - [17/Aug/2022:14:32:04 +0000] "GET /api/v1/categories/category?select=name&name=%D0%A3%D1%80%D0%B0%D0%BD%20%D0%B7%D0%BE%D1%85%D0%B8%D0%BE%D0%BB&page=2&limit=1 HTTP/1.1" 200 91 "-" "PostmanRuntime/7.24.0"
::1 - - [17/Aug/2022:15:51:02 +0000] "GET /api/v1/categories/category?select=name&page=2&limit=1 HTTP/1.1" 200 185 "-" "PostmanRuntime/7.24.0"
::1 - - [17/Aug/2022:15:52:53 +0000] "GET /api/v1/categories/category?select=name&page=2&limit=1 HTTP/1.1" 200 165 "-" "PostmanRuntime/7.24.0"
