::1 - - [02/Sep/2022:03:37:18 +0000] "POST /api/v1/users HTTP/1.1" 200 417 "-" "PostmanRuntime/7.29.2"
::1 - - [02/Sep/2022:03:39:14 +0000] "PUT /api/v1/patients/63077fe25b60d504109adf66 HTTP/1.1" 200 404 "-" "PostmanRuntime/7.29.2"
::1 - - [02/Sep/2022:03:46:34 +0000] "GET /api/v1/patients/5 HTTP/1.1" 500 229 "-" "PostmanRuntime/7.29.2"
::1 - - [02/Sep/2022:03:46:42 +0000] "GET /api/v1/patients/patient HTTP/1.1" 200 1672 "-" "PostmanRuntime/7.29.2"
::1 - - [02/Sep/2022:03:47:00 +0000] "DELETE /api/v1/patients/63077fe25b60d504109adf66 HTTP/1.1" 200 432 "-" "PostmanRuntime/7.29.2"
::1 - - [02/Sep/2022:03:47:57 +0000] "POST /api/v1/users HTTP/1.1" 500 259 "-" "PostmanRuntime/7.29.2"
::1 - - [02/Sep/2022:03:56:47 +0000] "GET /api/v1/patients/5 HTTP/1.1" 500 229 "-" "PostmanRuntime/7.29.2"
::1 - - [02/Sep/2022:03:56:53 +0000] "GET /api/v1/patients/patient HTTP/1.1" 200 1230 "-" "PostmanRuntime/7.29.2"
::1 - - [02/Sep/2022:03:57:04 +0000] "DELETE /api/v1/patients/6307845c5193b01ac07d4d14 HTTP/1.1" 500 80 "-" "PostmanRuntime/7.29.2"
::1 - - [02/Sep/2022:03:58:10 +0000] "DELETE /api/v1/patients/6307845c5193b01ac07d4d14 HTTP/1.1" 500 80 "-" "PostmanRuntime/7.29.2"
::1 - - [02/Sep/2022:03:58:28 +0000] "POST /api/v1/users/login HTTP/1.1" 200 425 "-" "PostmanRuntime/7.29.2"
::1 - - [02/Sep/2022:03:58:39 +0000] "DELETE /api/v1/patients/6307845c5193b01ac07d4d14 HTTP/1.1" 200 402 "-" "PostmanRuntime/7.29.2"
::1 - - [02/Sep/2022:03:59:16 +0000] "GET /api/v1/patients/patient HTTP/1.1" 200 896 "-" "PostmanRuntime/7.29.2"
::1 - - [02/Sep/2022:09:04:15 +0000] "POST /api/v1/users/login HTTP/1.1" 200 446 "-" "PostmanRuntime/7.29.2"
::1 - - [02/Sep/2022:09:11:31 +0000] "POST /api/v1/patients/patient HTTP/1.1" 403 156 "-" "PostmanRuntime/7.29.2"
::1 - - [02/Sep/2022:11:15:38 +0000] "POST /api/v1/patients/patient HTTP/1.1" 403 156 "-" "PostmanRuntime/7.29.2"
::1 - - [02/Sep/2022:11:19:09 +0000] "POST /api/v1/patients/patient HTTP/1.1" 403 153 "-" "PostmanRuntime/7.29.2"
::1 - - [02/Sep/2022:11:21:26 +0000] "POST /api/v1/users/login HTTP/1.1" 200 96 "-" "PostmanRuntime/7.29.2"
::1 - - [02/Sep/2022:11:21:56 +0000] "POST /api/v1/users/login HTTP/1.1" 200 93 "-" "PostmanRuntime/7.29.2"
::1 - - [02/Sep/2022:11:22:26 +0000] "POST /api/v1/users/login HTTP/1.1" 200 446 "-" "PostmanRuntime/7.29.2"
::1 - - [02/Sep/2022:11:28:32 +0000] "POST /api/v1/patients/patient HTTP/1.1" 403 153 "-" "PostmanRuntime/7.29.2"
::1 - - [02/Sep/2022:13:09:03 +0000] "POST /api/v1/users/login HTTP/1.1" 200 446 "-" "PostmanRuntime/7.29.2"
::1 - - [02/Sep/2022:13:12:46 +0000] "POST /api/v1/patients/patient HTTP/1.1" 400 115 "-" "PostmanRuntime/7.29.2"
::1 - - [02/Sep/2022:13:13:13 +0000] "GET /api/v1/rooms/room HTTP/1.1" 200 850 "-" "PostmanRuntime/7.29.2"
::1 - - [02/Sep/2022:13:13:23 +0000] "POST /api/v1/patients/patient HTTP/1.1" 200 416 "-" "PostmanRuntime/7.29.2"
::1 - - [02/Sep/2022:13:13:54 +0000] "GET /api/v1/patients/patient HTTP/1.1" 200 1364 "-" "PostmanRuntime/7.29.2"
::1 - - [02/Sep/2022:13:14:43 +0000] "GET /api/v1/patients/patient HTTP/1.1" 200 1364 "-" "PostmanRuntime/7.29.2"
::1 - - [02/Sep/2022:13:15:17 +0000] "GET /api/v1/patients/patient?page=3 HTTP/1.1" 200 1364 "-" "PostmanRuntime/7.29.2"
::1 - - [02/Sep/2022:13:20:33 +0000] "PUT /api/v1/patients/63084caa6896204748cfd53d HTTP/1.1" 200 437 "-" "PostmanRuntime/7.29.2"
::1 - - [02/Sep/2022:13:46:50 +0000] "GET /api/v1/rooms/room HTTP/1.1" 200 850 "-" "PostmanRuntime/7.29.2"
::1 - - [03/Sep/2022:05:31:26 +0000] "GET /api/v1/rooms/room HTTP/1.1" 200 850 "-" "PostmanRuntime/7.29.2"
::1 - - [03/Sep/2022:05:35:36 +0000] "POST /api/v1/rooms/room HTTP/1.1" 403 153 "-" "PostmanRuntime/7.29.2"
::1 - - [03/Sep/2022:05:35:45 +0000] "POST /api/v1/users/login HTTP/1.1" 200 446 "-" "PostmanRuntime/7.29.2"
::1 - - [03/Sep/2022:06:36:28 +0000] "POST /api/v1/rooms/room HTTP/1.1" 403 153 "-" "PostmanRuntime/7.29.2"
::1 - - [03/Sep/2022:06:37:08 +0000] "POST /api/v1/users HTTP/1.1" 500 463 "-" "PostmanRuntime/7.29.2"
::1 - - [03/Sep/2022:06:38:46 +0000] "POST /api/v1/users HTTP/1.1" 200 439 "-" "PostmanRuntime/7.29.2"
::1 - - [03/Sep/2022:06:39:22 +0000] "POST /api/v1/users/login HTTP/1.1" 200 439 "-" "PostmanRuntime/7.29.2"
::1 - - [03/Sep/2022:06:39:33 +0000] "POST /api/v1/rooms/room HTTP/1.1" 200 175 "-" "PostmanRuntime/7.29.2"
::1 - - [03/Sep/2022:06:39:48 +0000] "POST /api/v1/rooms/room HTTP/1.1" 200 175 "-" "PostmanRuntime/7.29.2"
::1 - - [03/Sep/2022:06:39:59 +0000] "POST /api/v1/rooms/room HTTP/1.1" 200 175 "-" "PostmanRuntime/7.29.2"
::1 - - [03/Sep/2022:06:40:08 +0000] "POST /api/v1/rooms/room HTTP/1.1" 200 175 "-" "PostmanRuntime/7.29.2"
::1 - - [03/Sep/2022:06:40:19 +0000] "POST /api/v1/rooms/room HTTP/1.1" 200 175 "-" "PostmanRuntime/7.29.2"
::1 - - [03/Sep/2022:06:40:26 +0000] "POST /api/v1/rooms/room HTTP/1.1" 200 176 "-" "PostmanRuntime/7.29.2"
::1 - - [03/Sep/2022:06:40:35 +0000] "POST /api/v1/rooms/room HTTP/1.1" 200 176 "-" "PostmanRuntime/7.29.2"
::1 - - [03/Sep/2022:06:41:13 +0000] "GET /api/v1/rooms/room HTTP/1.1" 200 1918 "-" "PostmanRuntime/7.29.2"
::1 - - [03/Sep/2022:06:42:02 +0000] "GET /api/v1/patients/patient?page=3 HTTP/1.1" 200 1423 "-" "PostmanRuntime/7.29.2"
::1 - - [03/Sep/2022:06:47:39 +0000] "POST /api/v1/patients/patient HTTP/1.1" 200 417 "-" "PostmanRuntime/7.29.2"
::1 - - [03/Sep/2022:06:48:36 +0000] "POST /api/v1/patients/patient HTTP/1.1" 200 420 "-" "PostmanRuntime/7.29.2"
::1 - - [03/Sep/2022:06:52:25 +0000] "POST /api/v1/patients/patient HTTP/1.1" 200 452 "-" "PostmanRuntime/7.29.2"
::1 - - [03/Sep/2022:06:53:34 +0000] "POST /api/v1/patients/patient HTTP/1.1" 200 426 "-" "PostmanRuntime/7.29.2"
::1 - - [03/Sep/2022:06:55:59 +0000] "POST /api/v1/patients/patient HTTP/1.1" 200 441 "-" "PostmanRuntime/7.29.2"
::1 - - [03/Sep/2022:06:58:14 +0000] "GET /api/v1/patients/patient?page=3 HTTP/1.1" 200 3839 "-" "PostmanRuntime/7.29.2"
::1 - - [03/Sep/2022:06:58:48 +0000] "POST /api/v1/patients/patient HTTP/1.1" 200 424 "-" "PostmanRuntime/7.29.2"
::1 - - [03/Sep/2022:07:00:21 +0000] "POST /api/v1/patients/patient HTTP/1.1" 200 443 "-" "PostmanRuntime/7.29.2"
::1 - - [03/Sep/2022:07:01:58 +0000] "POST /api/v1/patients/patient HTTP/1.1" 200 489 "-" "PostmanRuntime/7.29.2"
::1 - - [03/Sep/2022:07:03:04 +0000] "POST /api/v1/patients/patient HTTP/1.1" 200 478 "-" "PostmanRuntime/7.29.2"
::1 - - [03/Sep/2022:07:03:58 +0000] "POST /api/v1/patients/patient HTTP/1.1" 500 265 "-" "PostmanRuntime/7.29.2"
::1 - - [03/Sep/2022:07:09:54 +0000] "POST /api/v1/patients/patient HTTP/1.1" 200 454 "-" "PostmanRuntime/7.29.2"
::1 - - [03/Sep/2022:07:10:34 +0000] "POST /api/v1/patients/patient HTTP/1.1" 200 458 "-" "PostmanRuntime/7.29.2"
::1 - - [03/Sep/2022:07:10:45 +0000] "GET /api/v1/patients/patient?page=3 HTTP/1.1" 200 6898 "-" "PostmanRuntime/7.29.2"
::1 - - [03/Sep/2022:07:11:56 +0000] "POST /api/v1/patients/patient HTTP/1.1" 200 470 "-" "PostmanRuntime/7.29.2"
::1 - - [03/Sep/2022:07:13:00 +0000] "POST /api/v1/patients/patient HTTP/1.1" 200 471 "-" "PostmanRuntime/7.29.2"
::1 - - [03/Sep/2022:07:13:06 +0000] "GET /api/v1/patients/patient?page=3 HTTP/1.1" 200 7943 "-" "PostmanRuntime/7.29.2"
::1 - - [03/Sep/2022:07:14:17 +0000] "POST /api/v1/patients/patient HTTP/1.1" 200 443 "-" "PostmanRuntime/7.29.2"
::1 - - [03/Sep/2022:07:14:33 +0000] "GET /api/v1/patients/patient?page=3 HTTP/1.1" 200 8438 "-" "PostmanRuntime/7.29.2"
::1 - - [03/Sep/2022:07:15:46 +0000] "POST /api/v1/patients/patient HTTP/1.1" 200 450 "-" "PostmanRuntime/7.29.2"
::1 - - [03/Sep/2022:07:15:53 +0000] "GET /api/v1/patients/patient?page=3 HTTP/1.1" 200 8941 "-" "PostmanRuntime/7.29.2"
::1 - - [03/Sep/2022:07:17:34 +0000] "POST /api/v1/patients/patient HTTP/1.1" 200 442 "-" "PostmanRuntime/7.29.2"
::1 - - [03/Sep/2022:07:18:39 +0000] "POST /api/v1/patients/patient HTTP/1.1" 200 435 "-" "PostmanRuntime/7.29.2"
::1 - - [03/Sep/2022:07:18:46 +0000] "GET /api/v1/patients/patient?page=3 HTTP/1.1" 200 9924 "-" "PostmanRuntime/7.29.2"
::1 - - [03/Sep/2022:07:19:21 +0000] "PUT /api/v1/patients/63084caa6896204748cfd53d HTTP/1.1" 200 429 "-" "PostmanRuntime/7.29.2"
::1 - - [03/Sep/2022:07:19:43 +0000] "PUT /api/v1/patients/63084caa6896204748cfd53d HTTP/1.1" 200 428 "-" "PostmanRuntime/7.29.2"
::1 - - [03/Sep/2022:07:19:49 +0000] "GET /api/v1/patients/patient?page=3 HTTP/1.1" 200 9915 "-" "PostmanRuntime/7.29.2"
::1 - - [03/Sep/2022:07:20:46 +0000] "GET /api/v1/patients/patient?page=3 HTTP/1.1" 200 9915 "-" "PostmanRuntime/7.29.2"
::1 - - [03/Sep/2022:14:25:34 +0000] "GET /api/v1/rooms/630784005193b01ac07d4d0b/patients HTTP/1.1" 200 1618 "-" "PostmanRuntime/7.24.0"
::1 - - [03/Sep/2022:14:25:49 +0000] "GET /api/v1/patients/5 HTTP/1.1" 500 229 "-" "PostmanRuntime/7.29.2"
::1 - - [03/Sep/2022:14:26:05 +0000] "GET /api/v1/patients/63084caa6896204748cfd53d HTTP/1.1" 200 428 "-" "PostmanRuntime/7.29.2"
::1 - - [03/Sep/2022:14:28:25 +0000] "PUT /api/v1/patients/63084caa6896204748cfd53d/photo HTTP/1.1" 200 - "-" "PostmanRuntime/7.29.2"
::1 - - [03/Sep/2022:15:11:40 +0000] "PUT /api/v1/patients/63084caa6896204748cfd53d/photo HTTP/1.1" 400 96 "-" "PostmanRuntime/7.29.2"
::1 - - [03/Sep/2022:15:12:31 +0000] "PUT /api/v1/patients/63084caa6896204748cfd53d/photo HTTP/1.1" 200 - "-" "PostmanRuntime/7.29.2"
::1 - - [03/Sep/2022:15:31:12 +0000] "PUT /api/v1/patients/63084caa6896204748cfd53d/photo HTTP/1.1" 200 - "-" "PostmanRuntime/7.29.2"
::1 - - [03/Sep/2022:15:32:08 +0000] "PUT /api/v1/patients/63084caa6896204748cfd53d/photo HTTP/1.1" 400 122 "-" "PostmanRuntime/7.29.2"
::1 - - [03/Sep/2022:15:39:13 +0000] "PUT /api/v1/patients/63084caa6896204748cfd53d/photo HTTP/1.1" 200 - "-" "PostmanRuntime/7.29.2"
