::1 - - [17/Aug/2022:16:03:06 +0000] "GET /api/v1/categories/category?select=name&page=1&limit=1 HTTP/1.1" 200 161 "-" "PostmanRuntime/7.24.0"
::1 - - [17/Aug/2022:16:03:55 +0000] "GET /api/v1/categories/category?select=name&page=2&limit=2 HTTP/1.1" 200 246 "-" "PostmanRuntime/7.24.0"
::1 - - [17/Aug/2022:16:05:01 +0000] "GET /api/v1/categories/category?select=name&page=1&limit=3 HTTP/1.1" 200 286 "-" "PostmanRuntime/7.24.0"
::1 - - [17/Aug/2022:16:05:40 +0000] "GET /api/v1/categories/category?select=name&page=2&limit=3 HTTP/1.1" 200 246 "-" "PostmanRuntime/7.24.0"
::1 - - [17/Aug/2022:16:06:16 +0000] "GET /api/v1/categories/category?select=name HTTP/1.1" 200 424 "-" "PostmanRuntime/7.24.0"
::1 - - [17/Aug/2022:16:08:21 +0000] "GET /api/v1/categories/category?select=name HTTP/1.1" 200 436 "-" "PostmanRuntime/7.24.0"
::1 - - [18/Aug/2022:02:32:10 +0000] "GET /api/v1/categories/category?select=name HTTP/1.1" 200 436 "-" "PostmanRuntime/7.24.0"
::1 - - [18/Aug/2022:02:35:50 +0000] "GET /api/v1/categories/category HTTP/1.1" 200 1412 "-" "PostmanRuntime/7.24.0"
::1 - - [18/Aug/2022:06:29:51 +0000] "GET /api/v1/categories/category HTTP/1.1" 200 1291 "-" "PostmanRuntime/7.24.0"
::1 - - [18/Aug/2022:12:53:53 +0000] "GET /api/v1/categories/category HTTP/1.1" 200 1292 "-" "PostmanRuntime/7.24.0"
::1 - - [18/Aug/2022:13:08:44 +0000] "GET /api/v1/categories/category HTTP/1.1" 200 95 "-" "PostmanRuntime/7.24.0"
::1 - - [18/Aug/2022:13:09:29 +0000] "GET /api/v1/categories/category HTTP/1.1" 200 1291 "-" "PostmanRuntime/7.24.0"
::1 - - [18/Aug/2022:14:22:41 +0000] "POST /api/v1/books HTTP/1.1" 404 152 "-" "PostmanRuntime/7.29.2"
::1 - - [18/Aug/2022:14:23:21 +0000] "GET /api/v1/books HTTP/1.1" 200 28905 "-" "PostmanRuntime/7.29.2"
::1 - - [18/Aug/2022:15:06:34 +0000] "GET /api/v1/books HTTP/1.1" 200 28916 "-" "PostmanRuntime/7.24.0"
::1 - - [18/Aug/2022:15:08:48 +0000] "GET /api/v1/categories/category?select=name HTTP/1.1" 200 354 "-" "PostmanRuntime/7.24.0"
::1 - - [18/Aug/2022:15:31:43 +0000] "GET /api/v1/categories/category HTTP/1.1" 200 1291 "-" "PostmanRuntime/7.24.0"
::1 - - [18/Aug/2022:15:32:21 +0000] "GET /api/v1/categories/category/5e90434cd433fa11b078ed8a/books HTTP/1.1" 404 196 "-" "PostmanRuntime/7.24.0"
::1 - - [18/Aug/2022:15:32:47 +0000] "GET /api/v1/categories/5e90434cd433fa11b078ed8a/books HTTP/1.1" 200 7858 "-" "PostmanRuntime/7.24.0"
::1 - - [18/Aug/2022:15:48:17 +0000] "GET /api/v1/categories/5e90434cd433fa11b078ed8a/books HTTP/1.1" 200 28916 "-" "PostmanRuntime/7.24.0"
::1 - - [18/Aug/2022:15:56:31 +0000] "GET /api/v1/categories/5e90434cd433fa11b078ed8a/books HTTP/1.1" 200 7858 "-" "PostmanRuntime/7.24.0"
