::1 - - [07/Apr/2020:10:39:30 +0000] "DELETE /api/v1/categories/5 HTTP/1.1" 200 73 "-" "PostmanRuntime/7.24.0"
::1 - - [07/Apr/2020:10:39:35 +0000] "GET /api/v1/categories/5 HTTP/1.1" 200 88 "-" "PostmanRuntime/7.24.0"
::1 - - [07/Apr/2020:10:39:37 +0000] "POST /api/v1/categories/5 HTTP/1.1" 404 159 "-" "PostmanRuntime/7.24.0"
::1 - - [07/Apr/2020:10:57:48 +0000] "GET /api/v1/categories HTTP/1.1" 200 109 "-" "PostmanRuntime/7.24.0"
::1 - - [07/Apr/2020:11:00:44 +0000] "GET /api/v1/categories/11 HTTP/1.1" 200 89 "-" "PostmanRuntime/7.24.0"
::1 - - [07/Apr/2020:11:03:02 +0000] "GET /api/v1/categories HTTP/1.1" 200 109 "-" "PostmanRuntime/7.24.0"
::1 - - [07/Apr/2020:11:18:04 +0000] "GET /api/v1/categories HTTP/1.1" 200 109 "-" "PostmanRuntime/7.24.0"
::1 - - [07/Apr/2020:11:19:30 +0000] "GET /api/v1/categories/12 HTTP/1.1" 200 89 "-" "PostmanRuntime/7.24.0"
::1 - - [07/Apr/2020:11:20:14 +0000] "POST /api/v1/categories HTTP/1.1" 200 68 "-" "PostmanRuntime/7.24.0"
::1 - - [07/Apr/2020:11:20:40 +0000] "PUT /api/v1/categories/1 HTTP/1.1" 200 75 "-" "PostmanRuntime/7.24.0"
::1 - - [07/Apr/2020:11:21:18 +0000] "GET /api/v1/categories/12 HTTP/1.1" 200 89 "-" "PostmanRuntime/7.24.0"
::1 - - [07/Apr/2020:11:21:22 +0000] "PUT /api/v1/categories/1 HTTP/1.1" 200 75 "-" "PostmanRuntime/7.24.0"
::1 - - [07/Apr/2020:11:21:28 +0000] "GET /api/v1/categories HTTP/1.1" 200 109 "-" "PostmanRuntime/7.24.0"
::1 - - [07/Apr/2020:11:25:11 +0000] "DELETE /api/v1/categories/23 HTTP/1.1" 200 74 "-" "PostmanRuntime/7.24.0"
::1 - - [07/Apr/2020:11:26:25 +0000] "PUT /api/v1/categories/1 HTTP/1.1" 200 75 "-" "PostmanRuntime/7.24.0"
::1 - - [09/Apr/2020:10:53:47 +0000] "GET / HTTP/1.1" 404 139 "-" "Mozilla/5.0 (Windows NT 10.0; Win64; x64) AppleWebKit/537.36 (KHTML, like Gecko) Chrome/80.0.3987.163 Safari/537.36"
::1 - - [05/Aug/2022:06:02:07 +0000] "GET /api/v1/categories HTTP/1.1" 200 109 "-" "PostmanRuntime/7.29.2"
::1 - - [05/Aug/2022:06:07:16 +0000] "GET /api/v1/categories/2 HTTP/1.1" 200 88 "-" "PostmanRuntime/7.29.2"
::1 - - [05/Aug/2022:06:13:12 +0000] "GET /api/v1/categories/2 HTTP/1.1" 200 88 "-" "PostmanRuntime/7.24.0"
::1 - - [05/Aug/2022:06:58:38 +0000] "GET /api/v1/categories/2 HTTP/1.1" 200 88 "-" "PostmanRuntime/7.24.0"
::1 - - [05/Aug/2022:07:00:25 +0000] "POST /api/v1/categories HTTP/1.1" 200 68 "-" "PostmanRuntime/7.24.0"
::1 - - [05/Aug/2022:07:01:41 +0000] "PUT /api/v1/categories/1 HTTP/1.1" 200 75 "-" "PostmanRuntime/7.24.0"
::1 - - [05/Aug/2022:07:03:47 +0000] "DELETE /api/v1/categories/1 HTTP/1.1" 200 73 "-" "PostmanRuntime/7.24.0"
::1 - - [05/Aug/2022:07:06:58 +0000] "GET /api/v1/categories/2 HTTP/1.1" 200 88 "-" "PostmanRuntime/7.24.0"
::ffff:192.168.0.125 - - [05/Aug/2022:07:13:11 +0000] "GET / HTTP/1.1" 404 139 "-" "Avast Antivirus"
::1 - - [05/Aug/2022:07:23:50 +0000] "POST /api/v1/categories HTTP/1.1" 200 68 "-" "PostmanRuntime/7.24.0"
::1 - - [05/Aug/2022:07:24:43 +0000] "POST /api/v1/categories HTTP/1.1" 200 68 "-" "PostmanRuntime/7.24.0"
- - - [05/Aug/2022:07:29:24 +0000] "POST /api/v1/categories HTTP/1.1" 200 68 "-" "PostmanRuntime/7.24.0"
- - - [05/Aug/2022:07:31:05 +0000] "POST /api/v1/categories HTTP/1.1" 200 68 "-" "PostmanRuntime/7.24.0"
- - - [05/Aug/2022:07:32:26 +0000] "POST /api/v1/categories HTTP/1.1" 200 68 "-" "PostmanRuntime/7.24.0"
- - - [05/Aug/2022:07:32:30 +0000] "POST /api/v1/categories HTTP/1.1" 200 68 "-" "PostmanRuntime/7.24.0"
::1 - - [05/Aug/2022:07:33:51 +0000] "POST /api/v1/categories HTTP/1.1" 200 68 "-" "PostmanRuntime/7.24.0"
- - - [05/Aug/2022:07:34:02 +0000] "POST /api/v1/categories HTTP/1.1" 200 68 "-" "PostmanRuntime/7.24.0"
::1 - - [05/Aug/2022:07:50:54 +0000] "GET /api/v1/categories/category HTTP/1.1" 200 109 "-" "PostmanRuntime/7.24.0"
::1 - - [05/Aug/2022:07:51:07 +0000] "GET /api/v1/categories/category HTTP/1.1" 200 109 "-" "PostmanRuntime/7.24.0"
::1 - - [05/Aug/2022:07:51:23 +0000] "POST /api/v1/patients HTTP/1.1" 404 155 "-" "PostmanRuntime/7.24.0"
::1 - - [05/Aug/2022:07:51:30 +0000] "GET /api/v1/patients HTTP/1.1" 404 154 "-" "PostmanRuntime/7.24.0"
::1 - - [05/Aug/2022:07:58:02 +0000] "GET /api/v1/categories/category HTTP/1.1" 200 79 "-" "PostmanRuntime/7.29.2"
::1 - - [05/Aug/2022:08:03:00 +0000] "POST /api/v1/categories/category HTTP/1.1" 200 68 "-" "PostmanRuntime/7.29.2"
::1 - - [05/Aug/2022:08:04:19 +0000] "POST /api/v1/categories/category HTTP/1.1" 200 68 "-" "PostmanRuntime/7.29.2"
::1 - - [05/Aug/2022:08:19:20 +0000] "GET /api/v1/patients/5 HTTP/1.1" 404 156 "-" "PostmanRuntime/7.29.2"
::1 - - [05/Aug/2022:08:33:03 +0000] "GET /api/v1/categories/2 HTTP/1.1" 200 88 "-" "PostmanRuntime/7.24.0"
::1 - - [05/Aug/2022:08:33:07 +0000] "GET /api/v1/categories/2 HTTP/1.1" 200 88 "-" "PostmanRuntime/7.24.0"
::1 - - [05/Aug/2022:08:33:14 +0000] "GET /api/v1/categories/ HTTP/1.1" 404 157 "-" "PostmanRuntime/7.24.0"
::1 - - [05/Aug/2022:08:33:26 +0000] "PUT /api/v1/categories/1 HTTP/1.1" 200 75 "-" "PostmanRuntime/7.24.0"
::1 - - [05/Aug/2022:08:33:30 +0000] "DELETE /api/v1/categories/1 HTTP/1.1" 200 73 "-" "PostmanRuntime/7.24.0"
::1 - - [05/Aug/2022:08:33:34 +0000] "POST /api/v1/categories/ HTTP/1.1" - - "-" "PostmanRuntime/7.24.0"
- - - [05/Aug/2022:08:33:39 +0000] "POST /api/v1/categories/1 HTTP/1.1" - - "-" "PostmanRuntime/7.24.0"
::1 - - [05/Aug/2022:08:33:47 +0000] "GET /api/v1/categories/2 HTTP/1.1" 200 88 "-" "PostmanRuntime/7.24.0"
::1 - - [05/Aug/2022:08:33:50 +0000] "GET /api/v1/categories/ HTTP/1.1" 404 157 "-" "PostmanRuntime/7.24.0"
::1 - - [05/Aug/2022:08:34:00 +0000] "DELETE /api/v1/categories/1 HTTP/1.1" 200 73 "-" "PostmanRuntime/7.24.0"
::1 - - [05/Aug/2022:08:34:47 +0000] "GET /api/v1/categories/ HTTP/1.1" 404 157 "-" "PostmanRuntime/7.24.0"
::1 - - [05/Aug/2022:08:35:38 +0000] "GET /api/v1/categories/ HTTP/1.1" 404 157 "-" "PostmanRuntime/7.24.0"
::1 - - [05/Aug/2022:08:35:47 +0000] "GET /api/v1/categories/ HTTP/1.1" 404 157 "-" "PostmanRuntime/7.24.0"
::1 - - [05/Aug/2022:08:36:20 +0000] "GET /api/v1/patients HTTP/1.1" 404 154 "-" "PostmanRuntime/7.29.2"
::1 - - [05/Aug/2022:08:36:25 +0000] "DELETE /api/v1/patients/5 HTTP/1.1" 404 159 "-" "PostmanRuntime/7.29.2"
::1 - - [05/Aug/2022:08:40:21 +0000] "GET /api/v1/categories/ HTTP/1.1" 404 157 "-" "PostmanRuntime/7.24.0"
::1 - - [05/Aug/2022:08:40:25 +0000] "GET /api/v1/categories/ HTTP/1.1" 404 157 "-" "PostmanRuntime/7.24.0"
::1 - - [05/Aug/2022:08:40:30 +0000] "GET /api/v1/categories/2 HTTP/1.1" 200 88 "-" "PostmanRuntime/7.24.0"
::1 - - [05/Aug/2022:08:40:33 +0000] "POST /api/v1/categories/1 HTTP/1.1" - - "-" "PostmanRuntime/7.24.0"
- - - [05/Aug/2022:08:40:40 +0000] "POST /api/v1/categories/ HTTP/1.1" - - "-" "PostmanRuntime/7.24.0"
::1 - - [05/Aug/2022:08:40:45 +0000] "PUT /api/v1/categories/1 HTTP/1.1" 200 75 "-" "PostmanRuntime/7.24.0"
::1 - - [05/Aug/2022:08:40:48 +0000] "DELETE /api/v1/categories/1 HTTP/1.1" 200 73 "-" "PostmanRuntime/7.24.0"
::1 - - [05/Aug/2022:08:44:18 +0000] "PUT /api/v1/categories/1 HTTP/1.1" 200 75 "-" "PostmanRuntime/7.24.0"
::1 - - [05/Aug/2022:08:44:21 +0000] "POST /api/v1/categories/ HTTP/1.1" - - "-" "PostmanRuntime/7.24.0"
::1 - - [05/Aug/2022:08:44:36 +0000] "GET /api/v1/categories/2 HTTP/1.1" 200 88 "-" "PostmanRuntime/7.24.0"
::1 - - [05/Aug/2022:08:44:39 +0000] "GET /api/v1/categories/ HTTP/1.1" 404 157 "-" "PostmanRuntime/7.24.0"
::1 - - [05/Aug/2022:08:45:58 +0000] "GET /api/v1/categories/ HTTP/1.1" 404 157 "-" "PostmanRuntime/7.24.0"
- - - [05/Aug/2022:08:46:06 +0000] "POST /api/v1/categories/ HTTP/1.1" - - "-" "PostmanRuntime/7.24.0"
- - - [05/Aug/2022:08:46:41 +0000] "POST /api/v1/categories/ HTTP/1.1" - - "-" "PostmanRuntime/7.24.0"
::1 - - [05/Aug/2022:08:50:33 +0000] "POST /api/v1/categories/category HTTP/1.1" 200 68 "-" "PostmanRuntime/7.29.2"
::1 - - [05/Aug/2022:08:50:54 +0000] "GET /api/v1/categories/category HTTP/1.1" 200 79 "-" "PostmanRuntime/7.24.0"
::1 - - [05/Aug/2022:08:52:09 +0000] "GET /api/v1/categories/category HTTP/1.1" 200 616 "-" "PostmanRuntime/7.24.0"
::1 - - [05/Aug/2022:08:52:32 +0000] "GET /api/v1/categories/category HTTP/1.1" 200 617 "-" "PostmanRuntime/7.24.0"
::1 - - [05/Aug/2022:08:52:48 +0000] "GET /api/v1/categories/category HTTP/1.1" 200 616 "-" "PostmanRuntime/7.24.0"
::1 - - [05/Aug/2022:09:04:28 +0000] "GET /api/v1/categories/category HTTP/1.1" 200 616 "-" "PostmanRuntime/7.24.0"
::1 - - [05/Aug/2022:09:04:32 +0000] "GET /api/v1/categories/2 HTTP/1.1" 200 88 "-" "PostmanRuntime/7.24.0"
::1 - - [05/Aug/2022:09:57:55 +0000] "POST /api/v1/categories/category HTTP/1.1" - - "-" "PostmanRuntime/7.24.0"
::1 - - [05/Aug/2022:09:58:17 +0000] "POST /api/v1/categories/category HTTP/1.1" - - "-" "PostmanRuntime/7.29.2"
::1 - - [05/Aug/2022:09:58:30 +0000] "POST /api/v1/categories/category HTTP/1.1" 200 68 "-" "PostmanRuntime/7.29.2"
::1 - - [05/Aug/2022:09:59:11 +0000] "POST /api/v1/categories/category HTTP/1.1" 200 68 "-" "PostmanRuntime/7.29.2"
::1 - - [05/Aug/2022:09:59:27 +0000] "GET /api/v1/categories/category HTTP/1.1" 200 916 "-" "PostmanRuntime/7.24.0"
::1 - - [05/Aug/2022:09:59:36 +0000] "POST /api/v1/categories/category HTTP/1.1" 200 68 "-" "PostmanRuntime/7.29.2"
::1 - - [05/Aug/2022:10:00:15 +0000] "POST /api/v1/categories/category HTTP/1.1" - - "-" "PostmanRuntime/7.29.2"
::1 - - [05/Aug/2022:10:00:31 +0000] "POST /api/v1/categories/category HTTP/1.1" 200 68 "-" "PostmanRuntime/7.29.2"
::1 - - [05/Aug/2022:15:00:50 +0000] "POST /api/v1/categories/category HTTP/1.1" 200 68 "-" "PostmanRuntime/7.29.2"
